[0.017s] Invoking command in '/home/carbon/Documents/interfases_hw1/build/interfaces': CMAKE_PREFIX_PATH=/opt/ros/foxy /usr/bin/cmake /home/carbon/Documents/interfases_hw1/src/interfaces -DCMAKE_INSTALL_PREFIX=/home/carbon/Documents/interfases_hw1/install/interfaces
[0.028s] -- Found ament_cmake: 0.9.11 (/opt/ros/foxy/share/ament_cmake/cmake)
[0.047s] -- Using PYTHON_EXECUTABLE: /usr/bin/python3
[0.178s] -- Found rclcpp: 2.4.2 (/opt/ros/foxy/share/rclcpp/cmake)
[0.204s] -- Using all available rosidl_typesupport_c: rosidl_typesupport_fastrtps_c;rosidl_typesupport_introspection_c
[0.207s] -- Found rosidl_adapter: 1.3.0 (/opt/ros/foxy/share/rosidl_adapter/cmake)
[0.288s] -- Using all available rosidl_typesupport_cpp: rosidl_typesupport_fastrtps_cpp;rosidl_typesupport_introspection_cpp
[0.320s] -- Found rmw_implementation_cmake: 1.0.4 (/opt/ros/foxy/share/rmw_implementation_cmake/cmake)
[0.321s] -- Using RMW implementation 'rmw_fastrtps_cpp' as default
[0.424s] -- Found sensor_msgs: 2.0.5 (/opt/ros/foxy/share/sensor_msgs/cmake)
[0.506s] -- Found ament_lint_auto: 0.9.8 (/opt/ros/foxy/share/ament_lint_auto/cmake)
[0.558s] -- Added test 'copyright' to check source files copyright and LICENSE
[0.559s] -- Added test 'lint_cmake' to check CMake code style
[0.560s] -- Added test 'xmllint' to check XML markup files
[0.562s] -- Configuring done
[0.564s] -- Generating done
[0.564s] -- Build files have been written to: /home/carbon/Documents/interfases_hw1/build/interfaces
[0.568s] Invoked command in '/home/carbon/Documents/interfases_hw1/build/interfaces' returned '0': CMAKE_PREFIX_PATH=/opt/ros/foxy /usr/bin/cmake /home/carbon/Documents/interfases_hw1/src/interfaces -DCMAKE_INSTALL_PREFIX=/home/carbon/Documents/interfases_hw1/install/interfaces
[0.571s] Invoking command in '/home/carbon/Documents/interfases_hw1/build/interfaces': CMAKE_PREFIX_PATH=/opt/ros/foxy /usr/bin/cmake --build /home/carbon/Documents/interfases_hw1/build/interfaces -- -j8 -l8
[0.605s] Invoked command in '/home/carbon/Documents/interfases_hw1/build/interfaces' returned '0': CMAKE_PREFIX_PATH=/opt/ros/foxy /usr/bin/cmake --build /home/carbon/Documents/interfases_hw1/build/interfaces -- -j8 -l8
[0.636s] Invoking command in '/home/carbon/Documents/interfases_hw1/build/interfaces': CMAKE_PREFIX_PATH=/opt/ros/foxy /usr/bin/cmake --install /home/carbon/Documents/interfases_hw1/build/interfaces
[0.643s] -- Install configuration: ""
[0.643s] -- Installing: /home/carbon/Documents/interfases_hw1/install/interfaces/share/ament_index/resource_index/package_run_dependencies/interfaces
[0.643s] -- Installing: /home/carbon/Documents/interfases_hw1/install/interfaces/share/ament_index/resource_index/parent_prefix_path/interfaces
[0.643s] -- Installing: /home/carbon/Documents/interfases_hw1/install/interfaces/share/interfaces/environment/ament_prefix_path.sh
[0.643s] -- Installing: /home/carbon/Documents/interfases_hw1/install/interfaces/share/interfaces/environment/ament_prefix_path.dsv
[0.643s] -- Installing: /home/carbon/Documents/interfases_hw1/install/interfaces/share/interfaces/environment/path.sh
[0.643s] -- Installing: /home/carbon/Documents/interfases_hw1/install/interfaces/share/interfaces/environment/path.dsv
[0.643s] -- Installing: /home/carbon/Documents/interfases_hw1/install/interfaces/share/interfaces/local_setup.bash
[0.643s] -- Installing: /home/carbon/Documents/interfases_hw1/install/interfaces/share/interfaces/local_setup.sh
[0.643s] -- Installing: /home/carbon/Documents/interfases_hw1/install/interfaces/share/interfaces/local_setup.zsh
[0.643s] -- Installing: /home/carbon/Documents/interfases_hw1/install/interfaces/share/interfaces/local_setup.dsv
[0.643s] -- Installing: /home/carbon/Documents/interfases_hw1/install/interfaces/share/interfaces/package.dsv
[0.644s] -- Installing: /home/carbon/Documents/interfases_hw1/install/interfaces/share/ament_index/resource_index/packages/interfaces
[0.644s] -- Installing: /home/carbon/Documents/interfases_hw1/install/interfaces/share/interfaces/cmake/interfacesConfig.cmake
[0.644s] -- Installing: /home/carbon/Documents/interfases_hw1/install/interfaces/share/interfaces/cmake/interfacesConfig-version.cmake
[0.644s] -- Installing: /home/carbon/Documents/interfases_hw1/install/interfaces/share/interfaces/package.xml
[0.646s] Invoked command in '/home/carbon/Documents/interfases_hw1/build/interfaces' returned '0': CMAKE_PREFIX_PATH=/opt/ros/foxy /usr/bin/cmake --install /home/carbon/Documents/interfases_hw1/build/interfaces
