[0.011s] Invoking command in '/home/carbon/Documents/interfases_hw1/build/interfases': CMAKE_PREFIX_PATH=${CMAKE_PREFIX_PATH}:/opt/ros/foxy /usr/bin/cmake /home/carbon/Documents/interfases_hw1/src/interfases -DCMAKE_INSTALL_PREFIX=/home/carbon/Documents/interfases_hw1/install/interfases
[0.024s] -- Found ament_cmake: 0.9.11 (/opt/ros/foxy/share/ament_cmake/cmake)
[0.043s] -- Using PYTHON_EXECUTABLE: /usr/bin/python3
[0.167s] -- Override CMake install command with custom implementation using symlinks instead of copying resources
[0.175s] -- Found rclcpp: 2.4.2 (/opt/ros/foxy/share/rclcpp/cmake)
[0.201s] -- Using all available rosidl_typesupport_c: rosidl_typesupport_fastrtps_c;rosidl_typesupport_introspection_c
[0.204s] -- Found rosidl_adapter: 1.3.0 (/opt/ros/foxy/share/rosidl_adapter/cmake)
[0.291s] -- Using all available rosidl_typesupport_cpp: rosidl_typesupport_fastrtps_cpp;rosidl_typesupport_introspection_cpp
[0.332s] -- Found rmw_implementation_cmake: 1.0.4 (/opt/ros/foxy/share/rmw_implementation_cmake/cmake)
[0.332s] -- Using RMW implementation 'rmw_fastrtps_cpp' as default
[0.428s] -- Found rclpy: 1.0.12 (/opt/ros/foxy/share/rclpy/cmake)
[0.440s] -- Found ament_lint_auto: 0.9.8 (/opt/ros/foxy/share/ament_lint_auto/cmake)
[0.489s] -- Added test 'copyright' to check source files copyright and LICENSE
[0.490s] -- Added test 'cppcheck' to perform static code analysis on C / C++ code
[0.490s] -- Configured cppcheck include dirs: /home/carbon/Documents/interfases_hw1/src/interfases/include/interfases
[0.490s] -- Configured cppcheck exclude dirs and/or files: 
[0.491s] -- Added test 'cpplint' to check C / C++ code against the Google style
[0.491s] -- Configured cpplint exclude dirs and/or files: 
[0.492s] -- Added test 'flake8' to check Python code syntax and style conventions
[0.493s] -- Added test 'lint_cmake' to check CMake code style
[0.493s] -- Added test 'pep257' to check Python code against some of the style conventions in PEP 257
[0.495s] -- Added test 'uncrustify' to check C / C++ code style
[0.495s] -- Configured uncrustify additional arguments: 
[0.496s] -- Added test 'xmllint' to check XML markup files
[0.500s] -- Configuring done
[0.501s] CMake Error at CMakeLists.txt:25 (add_executable):
[0.501s]   Cannot find source file:
[0.501s] 
[0.501s]     client.cs
[0.501s] 
[0.502s]   Tried extensions .c .C .c++ .cc .cpp .cxx .cu .m .M .mm .h .hh .h++ .hm
[0.502s]   .hpp .hxx .in .txx
[0.502s] 
[0.502s] 
[0.502s] CMake Error at CMakeLists.txt:25 (add_executable):
[0.502s]   No SOURCES given to target: grpc_client
[0.502s] 
[0.502s] 
[0.502s] CMake Generate step failed.  Build files cannot be regenerated correctly.
[0.507s] Invoked command in '/home/carbon/Documents/interfases_hw1/build/interfases' returned '1': CMAKE_PREFIX_PATH=${CMAKE_PREFIX_PATH}:/opt/ros/foxy /usr/bin/cmake /home/carbon/Documents/interfases_hw1/src/interfases -DCMAKE_INSTALL_PREFIX=/home/carbon/Documents/interfases_hw1/install/interfases
