[0.187s] DEBUG:colcon:Command line arguments: ['/usr/bin/colcon', 'build']
[0.187s] DEBUG:colcon:Parsed command line arguments: Namespace(allow_overriding=[], ament_cmake_args=None, base_paths=['.'], build_base='build', catkin_cmake_args=None, catkin_skip_building_tests=False, cmake_args=None, cmake_clean_cache=False, cmake_clean_first=False, cmake_force_configure=False, cmake_target=None, cmake_target_skip_unavailable=False, continue_on_error=False, event_handlers=None, executor='parallel', ignore_user_meta=False, install_base='install', log_base=None, log_level=None, main=<bound method BuildVerb.main of <colcon_core.verb.build.BuildVerb object at 0x7faf2cc770a0>>, merge_install=False, metas=['./colcon.meta'], packages_above=None, packages_above_and_dependencies=None, packages_above_depth=None, packages_end=None, packages_ignore=None, packages_ignore_regex=None, packages_select=None, packages_select_build_failed=False, packages_select_by_dep=None, packages_select_regex=None, packages_select_test_failures=False, packages_skip=None, packages_skip_build_finished=False, packages_skip_by_dep=None, packages_skip_regex=None, packages_skip_test_passed=False, packages_skip_up_to=None, packages_start=None, packages_up_to=None, packages_up_to_regex=None, parallel_workers=8, paths=None, symlink_install=False, test_result_base=None, verb_extension=<colcon_core.verb.build.BuildVerb object at 0x7faf2cc770a0>, verb_name='build', verb_parser=<colcon_defaults.argument_parser.defaults.DefaultArgumentsDecorator object at 0x7faf2cc77550>)
[0.208s] Level 1:colcon.colcon_core.package_discovery:discover_packages(colcon_meta) check parameters
[0.238s] Level 1:colcon.colcon_core.package_discovery:discover_packages(recursive) check parameters
[0.239s] Level 1:colcon.colcon_core.package_discovery:discover_packages(ignore) check parameters
[0.239s] Level 1:colcon.colcon_core.package_discovery:discover_packages(path) check parameters
[0.239s] Level 1:colcon.colcon_core.package_discovery:discover_packages(colcon_meta) discover
[0.239s] Level 1:colcon.colcon_core.package_discovery:discover_packages(recursive) discover
[0.239s] INFO:colcon.colcon_core.package_discovery:Crawling recursively for packages in '/home/carbon/Documents/interfases_hw1'
[0.239s] Level 1:colcon.colcon_core.package_identification:_identify(.) by extensions ['ignore', 'ignore_ament_install']
[0.239s] Level 1:colcon.colcon_core.package_identification:_identify(.) by extension 'ignore'
[0.239s] Level 1:colcon.colcon_core.package_identification:_identify(.) by extension 'ignore_ament_install'
[0.240s] Level 1:colcon.colcon_core.package_identification:_identify(.) by extensions ['colcon_pkg']
[0.240s] Level 1:colcon.colcon_core.package_identification:_identify(.) by extension 'colcon_pkg'
[0.240s] Level 1:colcon.colcon_core.package_identification:_identify(.) by extensions ['colcon_meta']
[0.240s] Level 1:colcon.colcon_core.package_identification:_identify(.) by extension 'colcon_meta'
[0.240s] Level 1:colcon.colcon_core.package_identification:_identify(.) by extensions ['ros']
[0.240s] Level 1:colcon.colcon_core.package_identification:_identify(.) by extension 'ros'
[0.258s] Level 1:colcon.colcon_core.package_identification:_identify(.) by extensions ['cmake', 'python']
[0.258s] Level 1:colcon.colcon_core.package_identification:_identify(.) by extension 'cmake'
[0.258s] Level 1:colcon.colcon_core.package_identification:_identify(.) by extension 'python'
[0.258s] Level 1:colcon.colcon_core.package_identification:_identify(.) by extensions ['python_setup_py']
[0.258s] Level 1:colcon.colcon_core.package_identification:_identify(.) by extension 'python_setup_py'
[0.258s] Level 1:colcon.colcon_core.package_identification:_identify(build) by extensions ['ignore', 'ignore_ament_install']
[0.258s] Level 1:colcon.colcon_core.package_identification:_identify(build) by extension 'ignore'
[0.258s] Level 1:colcon.colcon_core.package_identification:_identify(build) ignored
[0.259s] Level 1:colcon.colcon_core.package_identification:_identify(install) by extensions ['ignore', 'ignore_ament_install']
[0.259s] Level 1:colcon.colcon_core.package_identification:_identify(install) by extension 'ignore'
[0.259s] Level 1:colcon.colcon_core.package_identification:_identify(install) ignored
[0.259s] Level 1:colcon.colcon_core.package_identification:_identify(log) by extensions ['ignore', 'ignore_ament_install']
[0.259s] Level 1:colcon.colcon_core.package_identification:_identify(log) by extension 'ignore'
[0.259s] Level 1:colcon.colcon_core.package_identification:_identify(log) ignored
[0.259s] Level 1:colcon.colcon_core.package_identification:_identify(src) by extensions ['ignore', 'ignore_ament_install']
[0.259s] Level 1:colcon.colcon_core.package_identification:_identify(src) by extension 'ignore'
[0.259s] Level 1:colcon.colcon_core.package_identification:_identify(src) by extension 'ignore_ament_install'
[0.259s] Level 1:colcon.colcon_core.package_identification:_identify(src) by extensions ['colcon_pkg']
[0.259s] Level 1:colcon.colcon_core.package_identification:_identify(src) by extension 'colcon_pkg'
[0.259s] Level 1:colcon.colcon_core.package_identification:_identify(src) by extensions ['colcon_meta']
[0.259s] Level 1:colcon.colcon_core.package_identification:_identify(src) by extension 'colcon_meta'
[0.259s] Level 1:colcon.colcon_core.package_identification:_identify(src) by extensions ['ros']
[0.259s] Level 1:colcon.colcon_core.package_identification:_identify(src) by extension 'ros'
[0.259s] Level 1:colcon.colcon_core.package_identification:_identify(src) by extensions ['cmake', 'python']
[0.259s] Level 1:colcon.colcon_core.package_identification:_identify(src) by extension 'cmake'
[0.259s] Level 1:colcon.colcon_core.package_identification:_identify(src) by extension 'python'
[0.259s] Level 1:colcon.colcon_core.package_identification:_identify(src) by extensions ['python_setup_py']
[0.259s] Level 1:colcon.colcon_core.package_identification:_identify(src) by extension 'python_setup_py'
[0.259s] Level 1:colcon.colcon_core.package_identification:_identify(src/interfases) by extensions ['ignore', 'ignore_ament_install']
[0.260s] Level 1:colcon.colcon_core.package_identification:_identify(src/interfases) by extension 'ignore'
[0.260s] Level 1:colcon.colcon_core.package_identification:_identify(src/interfases) by extension 'ignore_ament_install'
[0.260s] Level 1:colcon.colcon_core.package_identification:_identify(src/interfases) by extensions ['colcon_pkg']
[0.260s] Level 1:colcon.colcon_core.package_identification:_identify(src/interfases) by extension 'colcon_pkg'
[0.260s] Level 1:colcon.colcon_core.package_identification:_identify(src/interfases) by extensions ['colcon_meta']
[0.260s] Level 1:colcon.colcon_core.package_identification:_identify(src/interfases) by extension 'colcon_meta'
[0.260s] Level 1:colcon.colcon_core.package_identification:_identify(src/interfases) by extensions ['ros']
[0.260s] Level 1:colcon.colcon_core.package_identification:_identify(src/interfases) by extension 'ros'
[0.262s] DEBUG:colcon.colcon_core.package_identification:Package 'src/interfases' with type 'ros.ament_cmake' and name 'interfases'
[0.262s] Level 1:colcon.colcon_core.package_discovery:discover_packages(recursive) using defaults
[0.262s] Level 1:colcon.colcon_core.package_discovery:discover_packages(ignore) discover
[0.262s] Level 1:colcon.colcon_core.package_discovery:discover_packages(ignore) using defaults
[0.262s] Level 1:colcon.colcon_core.package_discovery:discover_packages(path) discover
[0.262s] Level 1:colcon.colcon_core.package_discovery:discover_packages(path) using defaults
[0.280s] Level 1:colcon.colcon_core.package_discovery:discover_packages(prefix_path) check parameters
[0.280s] Level 1:colcon.colcon_core.package_discovery:discover_packages(prefix_path) discover
[0.283s] DEBUG:colcon.colcon_installed_package_information.package_discovery:Found 293 installed packages in /opt/ros/foxy
[0.285s] Level 1:colcon.colcon_core.package_discovery:discover_packages(prefix_path) using defaults
[0.345s] Level 5:colcon.colcon_core.verb:set package 'interfases' build argument 'cmake_args' from command line to 'None'
[0.345s] Level 5:colcon.colcon_core.verb:set package 'interfases' build argument 'cmake_target' from command line to 'None'
[0.345s] Level 5:colcon.colcon_core.verb:set package 'interfases' build argument 'cmake_target_skip_unavailable' from command line to 'False'
[0.345s] Level 5:colcon.colcon_core.verb:set package 'interfases' build argument 'cmake_clean_cache' from command line to 'False'
[0.345s] Level 5:colcon.colcon_core.verb:set package 'interfases' build argument 'cmake_clean_first' from command line to 'False'
[0.345s] Level 5:colcon.colcon_core.verb:set package 'interfases' build argument 'cmake_force_configure' from command line to 'False'
[0.345s] Level 5:colcon.colcon_core.verb:set package 'interfases' build argument 'ament_cmake_args' from command line to 'None'
[0.345s] Level 5:colcon.colcon_core.verb:set package 'interfases' build argument 'catkin_cmake_args' from command line to 'None'
[0.345s] Level 5:colcon.colcon_core.verb:set package 'interfases' build argument 'catkin_skip_building_tests' from command line to 'False'
[0.345s] DEBUG:colcon.colcon_core.verb:Building package 'interfases' with the following arguments: {'ament_cmake_args': None, 'build_base': '/home/carbon/Documents/interfases_hw1/build/interfases', 'catkin_cmake_args': None, 'catkin_skip_building_tests': False, 'cmake_args': None, 'cmake_clean_cache': False, 'cmake_clean_first': False, 'cmake_force_configure': False, 'cmake_target': None, 'cmake_target_skip_unavailable': False, 'install_base': '/home/carbon/Documents/interfases_hw1/install/interfases', 'merge_install': False, 'path': '/home/carbon/Documents/interfases_hw1/src/interfases', 'symlink_install': False, 'test_result_base': None}
[0.346s] INFO:colcon.colcon_core.executor:Executing jobs using 'parallel' executor
[0.349s] DEBUG:colcon.colcon_parallel_executor.executor.parallel:run_until_complete
[0.349s] INFO:colcon.colcon_ros.task.ament_cmake.build:Building ROS package in '/home/carbon/Documents/interfases_hw1/src/interfases' with build type 'ament_cmake'
[0.350s] INFO:colcon.colcon_cmake.task.cmake.build:Building CMake package in '/home/carbon/Documents/interfases_hw1/src/interfases'
[0.353s] INFO:colcon.colcon_core.plugin_system:Skipping extension 'colcon_core.shell.bat': Not used on non-Windows systems
[0.353s] INFO:colcon.colcon_core.shell:Skip shell extension 'powershell' for command environment: Not usable outside of PowerShell
[0.353s] DEBUG:colcon.colcon_core.shell:Skip shell extension 'dsv' for command environment
[0.370s] DEBUG:colcon.colcon_core.event_handler.log_command:Invoking command in '/home/carbon/Documents/interfases_hw1/build/interfases': CMAKE_PREFIX_PATH=/opt/ros/foxy /usr/bin/cmake --build /home/carbon/Documents/interfases_hw1/build/interfases -- -j8 -l8
[0.423s] DEBUG:colcon.colcon_core.event_handler.log_command:Invoked command in '/home/carbon/Documents/interfases_hw1/build/interfases' returned '0': CMAKE_PREFIX_PATH=/opt/ros/foxy /usr/bin/cmake --build /home/carbon/Documents/interfases_hw1/build/interfases -- -j8 -l8
[0.455s] DEBUG:colcon.colcon_core.event_handler.log_command:Invoking command in '/home/carbon/Documents/interfases_hw1/build/interfases': CMAKE_PREFIX_PATH=/opt/ros/foxy /usr/bin/cmake --install /home/carbon/Documents/interfases_hw1/build/interfases
[0.507s] Level 1:colcon.colcon_core.environment:create_environment_scripts_only(interfases)
[0.508s] DEBUG:colcon.colcon_core.event_handler.log_command:Invoked command in '/home/carbon/Documents/interfases_hw1/build/interfases' returned '0': CMAKE_PREFIX_PATH=/opt/ros/foxy /usr/bin/cmake --install /home/carbon/Documents/interfases_hw1/build/interfases
[0.512s] Level 1:colcon.colcon_core.environment:checking '/home/carbon/Documents/interfases_hw1/install/interfases' for CMake module files
[0.513s] Level 1:colcon.colcon_core.environment:checking '/home/carbon/Documents/interfases_hw1/install/interfases' for CMake config files
[0.513s] Level 1:colcon.colcon_core.shell:create_environment_hook('interfases', 'cmake_prefix_path')
[0.514s] INFO:colcon.colcon_core.shell:Creating environment hook '/home/carbon/Documents/interfases_hw1/install/interfases/share/interfases/hook/cmake_prefix_path.ps1'
[0.515s] INFO:colcon.colcon_core.shell:Creating environment descriptor '/home/carbon/Documents/interfases_hw1/install/interfases/share/interfases/hook/cmake_prefix_path.dsv'
[0.515s] INFO:colcon.colcon_core.shell:Creating environment hook '/home/carbon/Documents/interfases_hw1/install/interfases/share/interfases/hook/cmake_prefix_path.sh'
[0.516s] Level 1:colcon.colcon_core.environment:checking '/home/carbon/Documents/interfases_hw1/install/interfases/lib'
[0.516s] Level 1:colcon.colcon_core.shell:create_environment_hook('interfases', 'ld_library_path_lib')
[0.517s] INFO:colcon.colcon_core.shell:Creating environment hook '/home/carbon/Documents/interfases_hw1/install/interfases/share/interfases/hook/ld_library_path_lib.ps1'
[0.517s] INFO:colcon.colcon_core.shell:Creating environment descriptor '/home/carbon/Documents/interfases_hw1/install/interfases/share/interfases/hook/ld_library_path_lib.dsv'
[0.518s] INFO:colcon.colcon_core.shell:Creating environment hook '/home/carbon/Documents/interfases_hw1/install/interfases/share/interfases/hook/ld_library_path_lib.sh'
[0.518s] Level 1:colcon.colcon_core.environment:checking '/home/carbon/Documents/interfases_hw1/install/interfases/bin'
[0.518s] Level 1:colcon.colcon_core.environment:checking '/home/carbon/Documents/interfases_hw1/install/interfases/lib/pkgconfig/interfases.pc'
[0.518s] Level 1:colcon.colcon_core.environment:checking '/home/carbon/Documents/interfases_hw1/install/interfases/lib/python3.8/site-packages'
[0.518s] Level 1:colcon.colcon_core.shell:create_environment_hook('interfases', 'pythonpath')
[0.519s] INFO:colcon.colcon_core.shell:Creating environment hook '/home/carbon/Documents/interfases_hw1/install/interfases/share/interfases/hook/pythonpath.ps1'
[0.519s] INFO:colcon.colcon_core.shell:Creating environment descriptor '/home/carbon/Documents/interfases_hw1/install/interfases/share/interfases/hook/pythonpath.dsv'
[0.520s] INFO:colcon.colcon_core.shell:Creating environment hook '/home/carbon/Documents/interfases_hw1/install/interfases/share/interfases/hook/pythonpath.sh'
[0.520s] Level 1:colcon.colcon_core.environment:checking '/home/carbon/Documents/interfases_hw1/install/interfases/bin'
[0.521s] INFO:colcon.colcon_core.shell:Creating package script '/home/carbon/Documents/interfases_hw1/install/interfases/share/interfases/package.ps1'
[0.522s] INFO:colcon.colcon_core.shell:Creating package descriptor '/home/carbon/Documents/interfases_hw1/install/interfases/share/interfases/package.dsv'
[0.522s] INFO:colcon.colcon_core.shell:Creating package script '/home/carbon/Documents/interfases_hw1/install/interfases/share/interfases/package.sh'
[0.523s] INFO:colcon.colcon_core.shell:Creating package script '/home/carbon/Documents/interfases_hw1/install/interfases/share/interfases/package.bash'
[0.523s] INFO:colcon.colcon_core.shell:Creating package script '/home/carbon/Documents/interfases_hw1/install/interfases/share/interfases/package.zsh'
[0.524s] Level 1:colcon.colcon_core.environment:create_file_with_runtime_dependencies(/home/carbon/Documents/interfases_hw1/install/interfases/share/colcon-core/packages/interfases)
[0.542s] Level 1:colcon.colcon_core.environment:create_environment_scripts_only(interfases)
[0.543s] Level 1:colcon.colcon_core.environment:checking '/home/carbon/Documents/interfases_hw1/install/interfases' for CMake module files
[0.544s] Level 1:colcon.colcon_core.environment:checking '/home/carbon/Documents/interfases_hw1/install/interfases' for CMake config files
[0.544s] Level 1:colcon.colcon_core.shell:create_environment_hook('interfases', 'cmake_prefix_path')
[0.545s] INFO:colcon.colcon_core.shell:Creating environment hook '/home/carbon/Documents/interfases_hw1/install/interfases/share/interfases/hook/cmake_prefix_path.ps1'
[0.546s] INFO:colcon.colcon_core.shell:Creating environment descriptor '/home/carbon/Documents/interfases_hw1/install/interfases/share/interfases/hook/cmake_prefix_path.dsv'
[0.546s] INFO:colcon.colcon_core.shell:Creating environment hook '/home/carbon/Documents/interfases_hw1/install/interfases/share/interfases/hook/cmake_prefix_path.sh'
[0.547s] Level 1:colcon.colcon_core.environment:checking '/home/carbon/Documents/interfases_hw1/install/interfases/lib'
[0.547s] Level 1:colcon.colcon_core.shell:create_environment_hook('interfases', 'ld_library_path_lib')
[0.549s] INFO:colcon.colcon_core.shell:Creating environment hook '/home/carbon/Documents/interfases_hw1/install/interfases/share/interfases/hook/ld_library_path_lib.ps1'
[0.549s] INFO:colcon.colcon_core.shell:Creating environment descriptor '/home/carbon/Documents/interfases_hw1/install/interfases/share/interfases/hook/ld_library_path_lib.dsv'
[0.550s] INFO:colcon.colcon_core.shell:Creating environment hook '/home/carbon/Documents/interfases_hw1/install/interfases/share/interfases/hook/ld_library_path_lib.sh'
[0.550s] Level 1:colcon.colcon_core.environment:checking '/home/carbon/Documents/interfases_hw1/install/interfases/bin'
[0.550s] Level 1:colcon.colcon_core.environment:checking '/home/carbon/Documents/interfases_hw1/install/interfases/lib/pkgconfig/interfases.pc'
[0.550s] Level 1:colcon.colcon_core.environment:checking '/home/carbon/Documents/interfases_hw1/install/interfases/lib/python3.8/site-packages'
[0.550s] Level 1:colcon.colcon_core.shell:create_environment_hook('interfases', 'pythonpath')
[0.551s] INFO:colcon.colcon_core.shell:Creating environment hook '/home/carbon/Documents/interfases_hw1/install/interfases/share/interfases/hook/pythonpath.ps1'
[0.552s] INFO:colcon.colcon_core.shell:Creating environment descriptor '/home/carbon/Documents/interfases_hw1/install/interfases/share/interfases/hook/pythonpath.dsv'
[0.552s] INFO:colcon.colcon_core.shell:Creating environment hook '/home/carbon/Documents/interfases_hw1/install/interfases/share/interfases/hook/pythonpath.sh'
[0.552s] Level 1:colcon.colcon_core.environment:checking '/home/carbon/Documents/interfases_hw1/install/interfases/bin'
[0.554s] INFO:colcon.colcon_core.shell:Creating package script '/home/carbon/Documents/interfases_hw1/install/interfases/share/interfases/package.ps1'
[0.554s] INFO:colcon.colcon_core.shell:Creating package descriptor '/home/carbon/Documents/interfases_hw1/install/interfases/share/interfases/package.dsv'
[0.555s] INFO:colcon.colcon_core.shell:Creating package script '/home/carbon/Documents/interfases_hw1/install/interfases/share/interfases/package.sh'
[0.555s] INFO:colcon.colcon_core.shell:Creating package script '/home/carbon/Documents/interfases_hw1/install/interfases/share/interfases/package.bash'
[0.555s] INFO:colcon.colcon_core.shell:Creating package script '/home/carbon/Documents/interfases_hw1/install/interfases/share/interfases/package.zsh'
[0.556s] Level 1:colcon.colcon_core.environment:create_file_with_runtime_dependencies(/home/carbon/Documents/interfases_hw1/install/interfases/share/colcon-core/packages/interfases)
[0.556s] DEBUG:colcon.colcon_parallel_executor.executor.parallel:closing loop
[0.556s] DEBUG:colcon.colcon_parallel_executor.executor.parallel:loop closed
[0.557s] DEBUG:colcon.colcon_parallel_executor.executor.parallel:run_until_complete finished with '0'
[0.557s] DEBUG:colcon.colcon_core.event_reactor:joining thread
[0.562s] INFO:colcon.colcon_core.plugin_system:Skipping extension 'colcon_notification.desktop_notification.terminal_notifier': Not used on non-Darwin systems
[0.562s] INFO:colcon.colcon_core.plugin_system:Skipping extension 'colcon_notification.desktop_notification.win32': Not used on non-Windows systems
[0.562s] INFO:colcon.colcon_notification.desktop_notification:Sending desktop notification using 'notify2'
[0.578s] DEBUG:colcon.colcon_core.event_reactor:joined thread
[0.579s] INFO:colcon.colcon_core.shell:Creating prefix script '/home/carbon/Documents/interfases_hw1/install/local_setup.ps1'
[0.580s] INFO:colcon.colcon_core.shell:Creating prefix util module '/home/carbon/Documents/interfases_hw1/install/_local_setup_util_ps1.py'
[0.582s] INFO:colcon.colcon_core.shell:Creating prefix chain script '/home/carbon/Documents/interfases_hw1/install/setup.ps1'
[0.583s] INFO:colcon.colcon_core.shell:Creating prefix script '/home/carbon/Documents/interfases_hw1/install/local_setup.sh'
[0.584s] INFO:colcon.colcon_core.shell:Creating prefix util module '/home/carbon/Documents/interfases_hw1/install/_local_setup_util_sh.py'
[0.584s] INFO:colcon.colcon_core.shell:Creating prefix chain script '/home/carbon/Documents/interfases_hw1/install/setup.sh'
[0.586s] INFO:colcon.colcon_core.shell:Creating prefix script '/home/carbon/Documents/interfases_hw1/install/local_setup.bash'
[0.586s] INFO:colcon.colcon_core.shell:Creating prefix chain script '/home/carbon/Documents/interfases_hw1/install/setup.bash'
[0.587s] INFO:colcon.colcon_core.shell:Creating prefix script '/home/carbon/Documents/interfases_hw1/install/local_setup.zsh'
[0.588s] INFO:colcon.colcon_core.shell:Creating prefix chain script '/home/carbon/Documents/interfases_hw1/install/setup.zsh'
