-- Found ament_cmake: 0.9.11 (/opt/ros/foxy/share/ament_cmake/cmake)
-- Using PYTHON_EXECUTABLE: /usr/bin/python3
-- Override CMake install command with custom implementation using symlinks instead of copying resources
-- Found rclcpp: 2.4.2 (/opt/ros/foxy/share/rclcpp/cmake)
-- Using all available rosidl_typesupport_c: rosidl_typesupport_fastrtps_c;rosidl_typesupport_introspection_c
-- Found rosidl_adapter: 1.3.0 (/opt/ros/foxy/share/rosidl_adapter/cmake)
-- Using all available rosidl_typesupport_cpp: rosidl_typesupport_fastrtps_cpp;rosidl_typesupport_introspection_cpp
-- Found rmw_implementation_cmake: 1.0.4 (/opt/ros/foxy/share/rmw_implementation_cmake/cmake)
-- Using RMW implementation 'rmw_fastrtps_cpp' as default
-- Found rclpy: 1.0.12 (/opt/ros/foxy/share/rclpy/cmake)
-- Found ament_lint_auto: 0.9.8 (/opt/ros/foxy/share/ament_lint_auto/cmake)
-- Added test 'copyright' to check source files copyright and LICENSE
-- Added test 'cppcheck' to perform static code analysis on C / C++ code
-- Configured cppcheck include dirs: /home/carbon/Documents/interfases_hw1/src/interfases/include/interfases
-- Configured cppcheck exclude dirs and/or files: 
-- Added test 'cpplint' to check C / C++ code against the Google style
-- Configured cpplint exclude dirs and/or files: 
-- Added test 'flake8' to check Python code syntax and style conventions
-- Added test 'lint_cmake' to check CMake code style
-- Added test 'pep257' to check Python code against some of the style conventions in PEP 257
-- Added test 'uncrustify' to check C / C++ code style
-- Configured uncrustify additional arguments: 
-- Added test 'xmllint' to check XML markup files
-- Configuring done
-- Generating done
-- Build files have been written to: /home/carbon/Documents/interfases_hw1/build/interfases
[100%] Built target multiplicador
-- Install configuration: ""
-- Execute custom install script
-- Up-to-date symlink: /home/carbon/Documents/interfases_hw1/install/interfases/share/interfases/environment/library_path.sh
-- Up-to-date symlink: /home/carbon/Documents/interfases_hw1/install/interfases/share/interfases/environment/library_path.dsv
-- Up-to-date symlink: /home/carbon/Documents/interfases_hw1/install/interfases/share/interfases/environment/pythonpath.sh
-- Up-to-date symlink: /home/carbon/Documents/interfases_hw1/install/interfases/share/interfases/environment/pythonpath.dsv
-- Up-to-date symlink: /home/carbon/Documents/interfases_hw1/install/interfases/lib/python3.8/site-packages/interfases/__init__.py
-- Up-to-date symlink: /home/carbon/Documents/interfases_hw1/install/interfases/lib/interfases/image.py
-- Up-to-date symlink: /home/carbon/Documents/interfases_hw1/install/interfases/share/ament_index/resource_index/package_run_dependencies/interfases
-- Up-to-date symlink: /home/carbon/Documents/interfases_hw1/install/interfases/share/ament_index/resource_index/parent_prefix_path/interfases
-- Up-to-date symlink: /home/carbon/Documents/interfases_hw1/install/interfases/share/interfases/environment/ament_prefix_path.sh
-- Up-to-date symlink: /home/carbon/Documents/interfases_hw1/install/interfases/share/interfases/environment/ament_prefix_path.dsv
-- Up-to-date symlink: /home/carbon/Documents/interfases_hw1/install/interfases/share/interfases/environment/path.sh
-- Up-to-date symlink: /home/carbon/Documents/interfases_hw1/install/interfases/share/interfases/environment/path.dsv
-- Up-to-date symlink: /home/carbon/Documents/interfases_hw1/install/interfases/share/interfases/local_setup.bash
-- Up-to-date symlink: /home/carbon/Documents/interfases_hw1/install/interfases/share/interfases/local_setup.sh
-- Up-to-date symlink: /home/carbon/Documents/interfases_hw1/install/interfases/share/interfases/local_setup.zsh
-- Up-to-date symlink: /home/carbon/Documents/interfases_hw1/install/interfases/share/interfases/local_setup.dsv
-- Symlinking: /home/carbon/Documents/interfases_hw1/install/interfases/share/interfases/package.dsv
-- Up-to-date symlink: /home/carbon/Documents/interfases_hw1/install/interfases/share/ament_index/resource_index/packages/interfases
-- Up-to-date symlink: /home/carbon/Documents/interfases_hw1/install/interfases/share/interfases/cmake/ament_cmake_export_targets-extras.cmake
-- Up-to-date symlink: /home/carbon/Documents/interfases_hw1/install/interfases/share/interfases/cmake/interfasesConfig.cmake
-- Up-to-date symlink: /home/carbon/Documents/interfases_hw1/install/interfases/share/interfases/cmake/interfasesConfig-version.cmake
-- Up-to-date symlink: /home/carbon/Documents/interfases_hw1/install/interfases/share/interfases/package.xml
-- Up-to-date: /home/carbon/Documents/interfases_hw1/install/interfases/lib/libmultiplicador.so
Listing '/home/carbon/Documents/interfases_hw1/install/interfases/lib/python3.8/site-packages/interfases'...
-- Up-to-date: /home/carbon/Documents/interfases_hw1/install/interfases/share/interfases/cmake/multiplicador_exportExport.cmake
-- Installing: /home/carbon/Documents/interfases_hw1/install/interfases/share/interfases/cmake/multiplicador_exportExport-noconfig.cmake
