[0.343s] DEBUG:colcon:Command line arguments: ['/usr/bin/colcon', 'build']
[0.343s] DEBUG:colcon:Parsed command line arguments: Namespace(allow_overriding=[], ament_cmake_args=None, base_paths=['.'], build_base='build', catkin_cmake_args=None, catkin_skip_building_tests=False, cmake_args=None, cmake_clean_cache=False, cmake_clean_first=False, cmake_force_configure=False, cmake_target=None, cmake_target_skip_unavailable=False, continue_on_error=False, event_handlers=None, executor='parallel', ignore_user_meta=False, install_base='install', log_base=None, log_level=None, main=<bound method BuildVerb.main of <colcon_core.verb.build.BuildVerb object at 0x7f9aa5d0a820>>, merge_install=False, metas=['./colcon.meta'], packages_above=None, packages_above_and_dependencies=None, packages_above_depth=None, packages_end=None, packages_ignore=None, packages_ignore_regex=None, packages_select=None, packages_select_build_failed=False, packages_select_by_dep=None, packages_select_regex=None, packages_select_test_failures=False, packages_skip=None, packages_skip_build_finished=False, packages_skip_by_dep=None, packages_skip_regex=None, packages_skip_test_passed=False, packages_skip_up_to=None, packages_start=None, packages_up_to=None, packages_up_to_regex=None, parallel_workers=8, paths=None, symlink_install=False, test_result_base=None, verb_extension=<colcon_core.verb.build.BuildVerb object at 0x7f9aa5d0a820>, verb_name='build', verb_parser=<colcon_defaults.argument_parser.defaults.DefaultArgumentsDecorator object at 0x7f9aa5d0ad90>)
[0.375s] Level 1:colcon.colcon_core.package_discovery:discover_packages(colcon_meta) check parameters
[0.375s] Level 1:colcon.colcon_core.package_discovery:discover_packages(recursive) check parameters
[0.375s] Level 1:colcon.colcon_core.package_discovery:discover_packages(ignore) check parameters
[0.375s] Level 1:colcon.colcon_core.package_discovery:discover_packages(path) check parameters
[0.375s] Level 1:colcon.colcon_core.package_discovery:discover_packages(colcon_meta) discover
[0.375s] Level 1:colcon.colcon_core.package_discovery:discover_packages(recursive) discover
[0.376s] INFO:colcon.colcon_core.package_discovery:Crawling recursively for packages in '/home/carbon/Documents/interfases_hw1'
[0.376s] Level 1:colcon.colcon_core.package_identification:_identify(.) by extensions ['ignore', 'ignore_ament_install']
[0.376s] Level 1:colcon.colcon_core.package_identification:_identify(.) by extension 'ignore'
[0.376s] Level 1:colcon.colcon_core.package_identification:_identify(.) by extension 'ignore_ament_install'
[0.376s] Level 1:colcon.colcon_core.package_identification:_identify(.) by extensions ['colcon_pkg']
[0.376s] Level 1:colcon.colcon_core.package_identification:_identify(.) by extension 'colcon_pkg'
[0.376s] Level 1:colcon.colcon_core.package_identification:_identify(.) by extensions ['colcon_meta']
[0.376s] Level 1:colcon.colcon_core.package_identification:_identify(.) by extension 'colcon_meta'
[0.376s] Level 1:colcon.colcon_core.package_identification:_identify(.) by extensions ['ros']
[0.376s] Level 1:colcon.colcon_core.package_identification:_identify(.) by extension 'ros'
[0.401s] Level 1:colcon.colcon_core.package_identification:_identify(.) by extensions ['cmake', 'python']
[0.401s] Level 1:colcon.colcon_core.package_identification:_identify(.) by extension 'cmake'
[0.401s] Level 1:colcon.colcon_core.package_identification:_identify(.) by extension 'python'
[0.401s] Level 1:colcon.colcon_core.package_identification:_identify(.) by extensions ['python_setup_py']
[0.401s] Level 1:colcon.colcon_core.package_identification:_identify(.) by extension 'python_setup_py'
[0.401s] Level 1:colcon.colcon_core.package_identification:_identify(build) by extensions ['ignore', 'ignore_ament_install']
[0.401s] Level 1:colcon.colcon_core.package_identification:_identify(build) by extension 'ignore'
[0.401s] Level 1:colcon.colcon_core.package_identification:_identify(build) ignored
[0.401s] Level 1:colcon.colcon_core.package_identification:_identify(install) by extensions ['ignore', 'ignore_ament_install']
[0.401s] Level 1:colcon.colcon_core.package_identification:_identify(install) by extension 'ignore'
[0.401s] Level 1:colcon.colcon_core.package_identification:_identify(install) ignored
[0.402s] Level 1:colcon.colcon_core.package_identification:_identify(log) by extensions ['ignore', 'ignore_ament_install']
[0.402s] Level 1:colcon.colcon_core.package_identification:_identify(log) by extension 'ignore'
[0.402s] Level 1:colcon.colcon_core.package_identification:_identify(log) ignored
[0.402s] Level 1:colcon.colcon_core.package_identification:_identify(src) by extensions ['ignore', 'ignore_ament_install']
[0.402s] Level 1:colcon.colcon_core.package_identification:_identify(src) by extension 'ignore'
[0.402s] Level 1:colcon.colcon_core.package_identification:_identify(src) by extension 'ignore_ament_install'
[0.402s] Level 1:colcon.colcon_core.package_identification:_identify(src) by extensions ['colcon_pkg']
[0.402s] Level 1:colcon.colcon_core.package_identification:_identify(src) by extension 'colcon_pkg'
[0.402s] Level 1:colcon.colcon_core.package_identification:_identify(src) by extensions ['colcon_meta']
[0.402s] Level 1:colcon.colcon_core.package_identification:_identify(src) by extension 'colcon_meta'
[0.402s] Level 1:colcon.colcon_core.package_identification:_identify(src) by extensions ['ros']
[0.402s] Level 1:colcon.colcon_core.package_identification:_identify(src) by extension 'ros'
[0.402s] Level 1:colcon.colcon_core.package_identification:_identify(src) by extensions ['cmake', 'python']
[0.402s] Level 1:colcon.colcon_core.package_identification:_identify(src) by extension 'cmake'
[0.402s] Level 1:colcon.colcon_core.package_identification:_identify(src) by extension 'python'
[0.402s] Level 1:colcon.colcon_core.package_identification:_identify(src) by extensions ['python_setup_py']
[0.402s] Level 1:colcon.colcon_core.package_identification:_identify(src) by extension 'python_setup_py'
[0.403s] Level 1:colcon.colcon_core.package_identification:_identify(src/interfases) by extensions ['ignore', 'ignore_ament_install']
[0.403s] Level 1:colcon.colcon_core.package_identification:_identify(src/interfases) by extension 'ignore'
[0.403s] Level 1:colcon.colcon_core.package_identification:_identify(src/interfases) by extension 'ignore_ament_install'
[0.403s] Level 1:colcon.colcon_core.package_identification:_identify(src/interfases) by extensions ['colcon_pkg']
[0.403s] Level 1:colcon.colcon_core.package_identification:_identify(src/interfases) by extension 'colcon_pkg'
[0.403s] Level 1:colcon.colcon_core.package_identification:_identify(src/interfases) by extensions ['colcon_meta']
[0.403s] Level 1:colcon.colcon_core.package_identification:_identify(src/interfases) by extension 'colcon_meta'
[0.403s] Level 1:colcon.colcon_core.package_identification:_identify(src/interfases) by extensions ['ros']
[0.403s] Level 1:colcon.colcon_core.package_identification:_identify(src/interfases) by extension 'ros'
[0.406s] DEBUG:colcon.colcon_core.package_identification:Package 'src/interfases' with type 'ros.ament_cmake' and name 'interfases'
[0.406s] Level 1:colcon.colcon_core.package_discovery:discover_packages(recursive) using defaults
[0.406s] Level 1:colcon.colcon_core.package_discovery:discover_packages(ignore) discover
[0.406s] Level 1:colcon.colcon_core.package_discovery:discover_packages(ignore) using defaults
[0.406s] Level 1:colcon.colcon_core.package_discovery:discover_packages(path) discover
[0.406s] Level 1:colcon.colcon_core.package_discovery:discover_packages(path) using defaults
[0.431s] Level 1:colcon.colcon_core.package_discovery:discover_packages(prefix_path) check parameters
[0.431s] Level 1:colcon.colcon_core.package_discovery:discover_packages(prefix_path) discover
[0.434s] DEBUG:colcon.colcon_installed_package_information.package_discovery:Found 1 installed packages in /home/carbon/Documents/interfases_hw1/install
[0.436s] DEBUG:colcon.colcon_installed_package_information.package_discovery:Found 297 installed packages in /opt/ros/foxy
[0.438s] Level 1:colcon.colcon_core.package_discovery:discover_packages(prefix_path) using defaults
[0.535s] Level 5:colcon.colcon_core.verb:set package 'interfases' build argument 'cmake_args' from command line to 'None'
[0.535s] Level 5:colcon.colcon_core.verb:set package 'interfases' build argument 'cmake_target' from command line to 'None'
[0.535s] Level 5:colcon.colcon_core.verb:set package 'interfases' build argument 'cmake_target_skip_unavailable' from command line to 'False'
[0.535s] Level 5:colcon.colcon_core.verb:set package 'interfases' build argument 'cmake_clean_cache' from command line to 'False'
[0.535s] Level 5:colcon.colcon_core.verb:set package 'interfases' build argument 'cmake_clean_first' from command line to 'False'
[0.535s] Level 5:colcon.colcon_core.verb:set package 'interfases' build argument 'cmake_force_configure' from command line to 'False'
[0.535s] Level 5:colcon.colcon_core.verb:set package 'interfases' build argument 'ament_cmake_args' from command line to 'None'
[0.535s] Level 5:colcon.colcon_core.verb:set package 'interfases' build argument 'catkin_cmake_args' from command line to 'None'
[0.535s] Level 5:colcon.colcon_core.verb:set package 'interfases' build argument 'catkin_skip_building_tests' from command line to 'False'
[0.535s] DEBUG:colcon.colcon_core.verb:Building package 'interfases' with the following arguments: {'ament_cmake_args': None, 'build_base': '/home/carbon/Documents/interfases_hw1/build/interfases', 'catkin_cmake_args': None, 'catkin_skip_building_tests': False, 'cmake_args': None, 'cmake_clean_cache': False, 'cmake_clean_first': False, 'cmake_force_configure': False, 'cmake_target': None, 'cmake_target_skip_unavailable': False, 'install_base': '/home/carbon/Documents/interfases_hw1/install/interfases', 'merge_install': False, 'path': '/home/carbon/Documents/interfases_hw1/src/interfases', 'symlink_install': False, 'test_result_base': None}
[0.536s] INFO:colcon.colcon_core.executor:Executing jobs using 'parallel' executor
[0.540s] DEBUG:colcon.colcon_parallel_executor.executor.parallel:run_until_complete
[0.540s] INFO:colcon.colcon_ros.task.ament_cmake.build:Building ROS package in '/home/carbon/Documents/interfases_hw1/src/interfases' with build type 'ament_cmake'
[0.540s] INFO:colcon.colcon_cmake.task.cmake.build:Building CMake package in '/home/carbon/Documents/interfases_hw1/src/interfases'
[0.548s] INFO:colcon.colcon_core.plugin_system:Skipping extension 'colcon_core.shell.bat': Not used on non-Windows systems
[0.549s] INFO:colcon.colcon_core.shell:Skip shell extension 'powershell' for command environment: Not usable outside of PowerShell
[0.549s] DEBUG:colcon.colcon_core.shell:Skip shell extension 'dsv' for command environment
[0.566s] DEBUG:colcon.colcon_core.event_handler.log_command:Invoking command in '/home/carbon/Documents/interfases_hw1/build/interfases': CMAKE_PREFIX_PATH=${CMAKE_PREFIX_PATH}:/opt/ros/foxy /usr/bin/cmake --build /home/carbon/Documents/interfases_hw1/build/interfases -- -j8 -l8
[0.639s] DEBUG:colcon.colcon_core.event_handler.log_command:Invoked command in '/home/carbon/Documents/interfases_hw1/build/interfases' returned '0': CMAKE_PREFIX_PATH=${CMAKE_PREFIX_PATH}:/opt/ros/foxy /usr/bin/cmake --build /home/carbon/Documents/interfases_hw1/build/interfases -- -j8 -l8
[0.685s] DEBUG:colcon.colcon_core.event_handler.log_command:Invoking command in '/home/carbon/Documents/interfases_hw1/build/interfases': CMAKE_PREFIX_PATH=${CMAKE_PREFIX_PATH}:/opt/ros/foxy /usr/bin/cmake --install /home/carbon/Documents/interfases_hw1/build/interfases
[0.762s] Level 1:colcon.colcon_core.environment:create_environment_scripts_only(interfases)
[0.763s] DEBUG:colcon.colcon_core.event_handler.log_command:Invoked command in '/home/carbon/Documents/interfases_hw1/build/interfases' returned '0': CMAKE_PREFIX_PATH=${CMAKE_PREFIX_PATH}:/opt/ros/foxy /usr/bin/cmake --install /home/carbon/Documents/interfases_hw1/build/interfases
[0.768s] Level 1:colcon.colcon_core.environment:checking '/home/carbon/Documents/interfases_hw1/install/interfases' for CMake module files
[0.768s] Level 1:colcon.colcon_core.environment:checking '/home/carbon/Documents/interfases_hw1/install/interfases' for CMake config files
[0.769s] Level 1:colcon.colcon_core.shell:create_environment_hook('interfases', 'cmake_prefix_path')
[0.770s] INFO:colcon.colcon_core.shell:Creating environment hook '/home/carbon/Documents/interfases_hw1/install/interfases/share/interfases/hook/cmake_prefix_path.ps1'
[0.771s] INFO:colcon.colcon_core.shell:Creating environment descriptor '/home/carbon/Documents/interfases_hw1/install/interfases/share/interfases/hook/cmake_prefix_path.dsv'
[0.771s] INFO:colcon.colcon_core.shell:Creating environment hook '/home/carbon/Documents/interfases_hw1/install/interfases/share/interfases/hook/cmake_prefix_path.sh'
[0.772s] Level 1:colcon.colcon_core.environment:checking '/home/carbon/Documents/interfases_hw1/install/interfases/lib'
[0.772s] Level 1:colcon.colcon_core.shell:create_environment_hook('interfases', 'ld_library_path_lib')
[0.774s] INFO:colcon.colcon_core.shell:Creating environment hook '/home/carbon/Documents/interfases_hw1/install/interfases/share/interfases/hook/ld_library_path_lib.ps1'
[0.774s] INFO:colcon.colcon_core.shell:Creating environment descriptor '/home/carbon/Documents/interfases_hw1/install/interfases/share/interfases/hook/ld_library_path_lib.dsv'
[0.774s] INFO:colcon.colcon_core.shell:Creating environment hook '/home/carbon/Documents/interfases_hw1/install/interfases/share/interfases/hook/ld_library_path_lib.sh'
[0.775s] Level 1:colcon.colcon_core.environment:checking '/home/carbon/Documents/interfases_hw1/install/interfases/bin'
[0.775s] Level 1:colcon.colcon_core.environment:checking '/home/carbon/Documents/interfases_hw1/install/interfases/lib/pkgconfig/interfases.pc'
[0.775s] Level 1:colcon.colcon_core.environment:checking '/home/carbon/Documents/interfases_hw1/install/interfases/lib/python3.8/site-packages'
[0.775s] Level 1:colcon.colcon_core.shell:create_environment_hook('interfases', 'pythonpath')
[0.776s] INFO:colcon.colcon_core.shell:Creating environment hook '/home/carbon/Documents/interfases_hw1/install/interfases/share/interfases/hook/pythonpath.ps1'
[0.777s] INFO:colcon.colcon_core.shell:Creating environment descriptor '/home/carbon/Documents/interfases_hw1/install/interfases/share/interfases/hook/pythonpath.dsv'
[0.777s] INFO:colcon.colcon_core.shell:Creating environment hook '/home/carbon/Documents/interfases_hw1/install/interfases/share/interfases/hook/pythonpath.sh'
[0.778s] Level 1:colcon.colcon_core.environment:checking '/home/carbon/Documents/interfases_hw1/install/interfases/bin'
[0.780s] INFO:colcon.colcon_core.shell:Creating package script '/home/carbon/Documents/interfases_hw1/install/interfases/share/interfases/package.ps1'
[0.781s] INFO:colcon.colcon_core.shell:Creating package descriptor '/home/carbon/Documents/interfases_hw1/install/interfases/share/interfases/package.dsv'
[0.782s] INFO:colcon.colcon_core.shell:Creating package script '/home/carbon/Documents/interfases_hw1/install/interfases/share/interfases/package.sh'
[0.783s] INFO:colcon.colcon_core.shell:Creating package script '/home/carbon/Documents/interfases_hw1/install/interfases/share/interfases/package.bash'
[0.783s] INFO:colcon.colcon_core.shell:Creating package script '/home/carbon/Documents/interfases_hw1/install/interfases/share/interfases/package.zsh'
[0.784s] Level 1:colcon.colcon_core.environment:create_file_with_runtime_dependencies(/home/carbon/Documents/interfases_hw1/install/interfases/share/colcon-core/packages/interfases)
[0.812s] Level 1:colcon.colcon_core.environment:create_environment_scripts_only(interfases)
[0.814s] Level 1:colcon.colcon_core.environment:checking '/home/carbon/Documents/interfases_hw1/install/interfases' for CMake module files
[0.815s] Level 1:colcon.colcon_core.environment:checking '/home/carbon/Documents/interfases_hw1/install/interfases' for CMake config files
[0.815s] Level 1:colcon.colcon_core.shell:create_environment_hook('interfases', 'cmake_prefix_path')
[0.817s] INFO:colcon.colcon_core.shell:Creating environment hook '/home/carbon/Documents/interfases_hw1/install/interfases/share/interfases/hook/cmake_prefix_path.ps1'
[0.817s] INFO:colcon.colcon_core.shell:Creating environment descriptor '/home/carbon/Documents/interfases_hw1/install/interfases/share/interfases/hook/cmake_prefix_path.dsv'
[0.818s] INFO:colcon.colcon_core.shell:Creating environment hook '/home/carbon/Documents/interfases_hw1/install/interfases/share/interfases/hook/cmake_prefix_path.sh'
[0.818s] Level 1:colcon.colcon_core.environment:checking '/home/carbon/Documents/interfases_hw1/install/interfases/lib'
[0.818s] Level 1:colcon.colcon_core.shell:create_environment_hook('interfases', 'ld_library_path_lib')
[0.820s] INFO:colcon.colcon_core.shell:Creating environment hook '/home/carbon/Documents/interfases_hw1/install/interfases/share/interfases/hook/ld_library_path_lib.ps1'
[0.820s] INFO:colcon.colcon_core.shell:Creating environment descriptor '/home/carbon/Documents/interfases_hw1/install/interfases/share/interfases/hook/ld_library_path_lib.dsv'
[0.820s] INFO:colcon.colcon_core.shell:Creating environment hook '/home/carbon/Documents/interfases_hw1/install/interfases/share/interfases/hook/ld_library_path_lib.sh'
[0.821s] Level 1:colcon.colcon_core.environment:checking '/home/carbon/Documents/interfases_hw1/install/interfases/bin'
[0.821s] Level 1:colcon.colcon_core.environment:checking '/home/carbon/Documents/interfases_hw1/install/interfases/lib/pkgconfig/interfases.pc'
[0.821s] Level 1:colcon.colcon_core.environment:checking '/home/carbon/Documents/interfases_hw1/install/interfases/lib/python3.8/site-packages'
[0.821s] Level 1:colcon.colcon_core.shell:create_environment_hook('interfases', 'pythonpath')
[0.823s] INFO:colcon.colcon_core.shell:Creating environment hook '/home/carbon/Documents/interfases_hw1/install/interfases/share/interfases/hook/pythonpath.ps1'
[0.823s] INFO:colcon.colcon_core.shell:Creating environment descriptor '/home/carbon/Documents/interfases_hw1/install/interfases/share/interfases/hook/pythonpath.dsv'
[0.824s] INFO:colcon.colcon_core.shell:Creating environment hook '/home/carbon/Documents/interfases_hw1/install/interfases/share/interfases/hook/pythonpath.sh'
[0.824s] Level 1:colcon.colcon_core.environment:checking '/home/carbon/Documents/interfases_hw1/install/interfases/bin'
[0.826s] INFO:colcon.colcon_core.shell:Creating package script '/home/carbon/Documents/interfases_hw1/install/interfases/share/interfases/package.ps1'
[0.827s] INFO:colcon.colcon_core.shell:Creating package descriptor '/home/carbon/Documents/interfases_hw1/install/interfases/share/interfases/package.dsv'
[0.828s] INFO:colcon.colcon_core.shell:Creating package script '/home/carbon/Documents/interfases_hw1/install/interfases/share/interfases/package.sh'
[0.828s] INFO:colcon.colcon_core.shell:Creating package script '/home/carbon/Documents/interfases_hw1/install/interfases/share/interfases/package.bash'
[0.829s] INFO:colcon.colcon_core.shell:Creating package script '/home/carbon/Documents/interfases_hw1/install/interfases/share/interfases/package.zsh'
[0.829s] Level 1:colcon.colcon_core.environment:create_file_with_runtime_dependencies(/home/carbon/Documents/interfases_hw1/install/interfases/share/colcon-core/packages/interfases)
[0.829s] DEBUG:colcon.colcon_parallel_executor.executor.parallel:closing loop
[0.830s] DEBUG:colcon.colcon_parallel_executor.executor.parallel:loop closed
[0.830s] DEBUG:colcon.colcon_parallel_executor.executor.parallel:run_until_complete finished with '0'
[0.830s] DEBUG:colcon.colcon_core.event_reactor:joining thread
[0.836s] INFO:colcon.colcon_core.plugin_system:Skipping extension 'colcon_notification.desktop_notification.terminal_notifier': Not used on non-Darwin systems
[0.836s] INFO:colcon.colcon_core.plugin_system:Skipping extension 'colcon_notification.desktop_notification.win32': Not used on non-Windows systems
[0.836s] INFO:colcon.colcon_notification.desktop_notification:Sending desktop notification using 'notify2'
[0.852s] DEBUG:colcon.colcon_core.event_reactor:joined thread
[0.854s] INFO:colcon.colcon_core.shell:Creating prefix script '/home/carbon/Documents/interfases_hw1/install/local_setup.ps1'
[0.855s] INFO:colcon.colcon_core.shell:Creating prefix util module '/home/carbon/Documents/interfases_hw1/install/_local_setup_util_ps1.py'
[0.857s] INFO:colcon.colcon_core.shell:Creating prefix chain script '/home/carbon/Documents/interfases_hw1/install/setup.ps1'
[0.858s] INFO:colcon.colcon_core.shell:Creating prefix script '/home/carbon/Documents/interfases_hw1/install/local_setup.sh'
[0.859s] INFO:colcon.colcon_core.shell:Creating prefix util module '/home/carbon/Documents/interfases_hw1/install/_local_setup_util_sh.py'
[0.860s] INFO:colcon.colcon_core.shell:Creating prefix chain script '/home/carbon/Documents/interfases_hw1/install/setup.sh'
[0.862s] INFO:colcon.colcon_core.shell:Creating prefix script '/home/carbon/Documents/interfases_hw1/install/local_setup.bash'
[0.863s] INFO:colcon.colcon_core.shell:Creating prefix chain script '/home/carbon/Documents/interfases_hw1/install/setup.bash'
[0.864s] INFO:colcon.colcon_core.shell:Creating prefix script '/home/carbon/Documents/interfases_hw1/install/local_setup.zsh'
[0.866s] INFO:colcon.colcon_core.shell:Creating prefix chain script '/home/carbon/Documents/interfases_hw1/install/setup.zsh'
