[0.019s] Invoking command in '/home/carbon/Documents/interfases_hw1/build/interfases': CMAKE_PREFIX_PATH=${CMAKE_PREFIX_PATH}:/opt/ros/foxy /usr/bin/cmake --build /home/carbon/Documents/interfases_hw1/build/interfases -- -j8 -l8
[0.041s] -- Found ament_cmake: 0.9.11 (/opt/ros/foxy/share/ament_cmake/cmake)
[0.061s] -- Using PYTHON_EXECUTABLE: /usr/bin/python3
[0.198s] -- Override CMake install command with custom implementation using symlinks instead of copying resources
[0.206s] -- Found rclcpp: 2.4.2 (/opt/ros/foxy/share/rclcpp/cmake)
[0.236s] -- Using all available rosidl_typesupport_c: rosidl_typesupport_fastrtps_c;rosidl_typesupport_introspection_c
[0.239s] -- Found rosidl_adapter: 1.3.0 (/opt/ros/foxy/share/rosidl_adapter/cmake)
[0.326s] -- Using all available rosidl_typesupport_cpp: rosidl_typesupport_fastrtps_cpp;rosidl_typesupport_introspection_cpp
[0.361s] -- Found rmw_implementation_cmake: 1.0.4 (/opt/ros/foxy/share/rmw_implementation_cmake/cmake)
[0.362s] -- Using RMW implementation 'rmw_fastrtps_cpp' as default
[0.457s] -- Found rclpy: 1.0.12 (/opt/ros/foxy/share/rclpy/cmake)
[0.459s] -- Found ament_lint_auto: 0.9.8 (/opt/ros/foxy/share/ament_lint_auto/cmake)
[0.513s] -- Added test 'copyright' to check source files copyright and LICENSE
[0.514s] -- Added test 'cppcheck' to perform static code analysis on C / C++ code
[0.514s] -- Configured cppcheck include dirs: /home/carbon/Documents/interfases_hw1/src/interfases/include
[0.514s] -- Configured cppcheck exclude dirs and/or files: 
[0.514s] -- Added test 'cpplint' to check C / C++ code against the Google style
[0.515s] -- Configured cpplint exclude dirs and/or files: 
[0.515s] -- Added test 'flake8' to check Python code syntax and style conventions
[0.515s] -- Added test 'lint_cmake' to check CMake code style
[0.515s] -- Added test 'pep257' to check Python code against some of the style conventions in PEP 257
[0.516s] -- Added test 'uncrustify' to check C / C++ code style
[0.516s] -- Configured uncrustify additional arguments: 
[0.516s] -- Added test 'xmllint' to check XML markup files
[0.519s] -- Configuring done
[0.522s] -- Generating done
[0.523s] -- Build files have been written to: /home/carbon/Documents/interfases_hw1/build/interfases
[0.552s] [ 50%] [32mBuilding CXX object CMakeFiles/multiplicador.dir/src/multiplicador.cpp.o[0m
[0.579s] [01m[K/home/carbon/Documents/interfases_hw1/src/interfases/src/multiplicador.cpp:2:10:[m[K [01;31m[Kfatal error: [m[Kmultiplicador.hpp: No such file or directory
[0.579s]     2 | #include [01;31m[K"multiplicador.hpp"[m[K
[0.579s]       |          [01;31m[K^~~~~~~~~~~~~~~~~~~[m[K
[0.580s] compilation terminated.
[0.581s] make[2]: *** [CMakeFiles/multiplicador.dir/build.make:63: CMakeFiles/multiplicador.dir/src/multiplicador.cpp.o] Error 1
[0.581s] make[1]: *** [CMakeFiles/Makefile2:78: CMakeFiles/multiplicador.dir/all] Error 2
[0.581s] make: *** [Makefile:141: all] Error 2
[0.583s] Invoked command in '/home/carbon/Documents/interfases_hw1/build/interfases' returned '2': CMAKE_PREFIX_PATH=${CMAKE_PREFIX_PATH}:/opt/ros/foxy /usr/bin/cmake --build /home/carbon/Documents/interfases_hw1/build/interfases -- -j8 -l8
