[0.195s] DEBUG:colcon:Command line arguments: ['/usr/bin/colcon', 'build', '--symlink-install']
[0.195s] DEBUG:colcon:Parsed command line arguments: Namespace(allow_overriding=[], ament_cmake_args=None, base_paths=['.'], build_base='build', catkin_cmake_args=None, catkin_skip_building_tests=False, cmake_args=None, cmake_clean_cache=False, cmake_clean_first=False, cmake_force_configure=False, cmake_target=None, cmake_target_skip_unavailable=False, continue_on_error=False, event_handlers=None, executor='parallel', ignore_user_meta=False, install_base='install', log_base=None, log_level=None, main=<bound method BuildVerb.main of <colcon_core.verb.build.BuildVerb object at 0x7f9e77a5b490>>, merge_install=False, metas=['./colcon.meta'], packages_above=None, packages_above_and_dependencies=None, packages_above_depth=None, packages_end=None, packages_ignore=None, packages_ignore_regex=None, packages_select=None, packages_select_build_failed=False, packages_select_by_dep=None, packages_select_regex=None, packages_select_test_failures=False, packages_skip=None, packages_skip_build_finished=False, packages_skip_by_dep=None, packages_skip_regex=None, packages_skip_test_passed=False, packages_skip_up_to=None, packages_start=None, packages_up_to=None, packages_up_to_regex=None, parallel_workers=8, paths=None, symlink_install=True, test_result_base=None, verb_extension=<colcon_core.verb.build.BuildVerb object at 0x7f9e77a5b490>, verb_name='build', verb_parser=<colcon_defaults.argument_parser.defaults.DefaultArgumentsDecorator object at 0x7f9e77a5b9d0>)
[0.213s] Level 1:colcon.colcon_core.package_discovery:discover_packages(colcon_meta) check parameters
[0.213s] Level 1:colcon.colcon_core.package_discovery:discover_packages(recursive) check parameters
[0.213s] Level 1:colcon.colcon_core.package_discovery:discover_packages(ignore) check parameters
[0.213s] Level 1:colcon.colcon_core.package_discovery:discover_packages(path) check parameters
[0.213s] Level 1:colcon.colcon_core.package_discovery:discover_packages(colcon_meta) discover
[0.213s] Level 1:colcon.colcon_core.package_discovery:discover_packages(recursive) discover
[0.213s] INFO:colcon.colcon_core.package_discovery:Crawling recursively for packages in '/home/carbon/Documents/interfases_hw1'
[0.214s] Level 1:colcon.colcon_core.package_identification:_identify(.) by extensions ['ignore', 'ignore_ament_install']
[0.214s] Level 1:colcon.colcon_core.package_identification:_identify(.) by extension 'ignore'
[0.214s] Level 1:colcon.colcon_core.package_identification:_identify(.) by extension 'ignore_ament_install'
[0.214s] Level 1:colcon.colcon_core.package_identification:_identify(.) by extensions ['colcon_pkg']
[0.214s] Level 1:colcon.colcon_core.package_identification:_identify(.) by extension 'colcon_pkg'
[0.214s] Level 1:colcon.colcon_core.package_identification:_identify(.) by extensions ['colcon_meta']
[0.214s] Level 1:colcon.colcon_core.package_identification:_identify(.) by extension 'colcon_meta'
[0.214s] Level 1:colcon.colcon_core.package_identification:_identify(.) by extensions ['ros']
[0.214s] Level 1:colcon.colcon_core.package_identification:_identify(.) by extension 'ros'
[0.228s] Level 1:colcon.colcon_core.package_identification:_identify(.) by extensions ['cmake', 'python']
[0.228s] Level 1:colcon.colcon_core.package_identification:_identify(.) by extension 'cmake'
[0.228s] Level 1:colcon.colcon_core.package_identification:_identify(.) by extension 'python'
[0.228s] Level 1:colcon.colcon_core.package_identification:_identify(.) by extensions ['python_setup_py']
[0.228s] Level 1:colcon.colcon_core.package_identification:_identify(.) by extension 'python_setup_py'
[0.228s] Level 1:colcon.colcon_core.package_identification:_identify(build) by extensions ['ignore', 'ignore_ament_install']
[0.228s] Level 1:colcon.colcon_core.package_identification:_identify(build) by extension 'ignore'
[0.228s] Level 1:colcon.colcon_core.package_identification:_identify(build) ignored
[0.228s] Level 1:colcon.colcon_core.package_identification:_identify(install) by extensions ['ignore', 'ignore_ament_install']
[0.229s] Level 1:colcon.colcon_core.package_identification:_identify(install) by extension 'ignore'
[0.229s] Level 1:colcon.colcon_core.package_identification:_identify(install) ignored
[0.229s] Level 1:colcon.colcon_core.package_identification:_identify(log) by extensions ['ignore', 'ignore_ament_install']
[0.229s] Level 1:colcon.colcon_core.package_identification:_identify(log) by extension 'ignore'
[0.229s] Level 1:colcon.colcon_core.package_identification:_identify(log) ignored
[0.229s] Level 1:colcon.colcon_core.package_identification:_identify(src) by extensions ['ignore', 'ignore_ament_install']
[0.229s] Level 1:colcon.colcon_core.package_identification:_identify(src) by extension 'ignore'
[0.229s] Level 1:colcon.colcon_core.package_identification:_identify(src) by extension 'ignore_ament_install'
[0.229s] Level 1:colcon.colcon_core.package_identification:_identify(src) by extensions ['colcon_pkg']
[0.229s] Level 1:colcon.colcon_core.package_identification:_identify(src) by extension 'colcon_pkg'
[0.229s] Level 1:colcon.colcon_core.package_identification:_identify(src) by extensions ['colcon_meta']
[0.229s] Level 1:colcon.colcon_core.package_identification:_identify(src) by extension 'colcon_meta'
[0.229s] Level 1:colcon.colcon_core.package_identification:_identify(src) by extensions ['ros']
[0.229s] Level 1:colcon.colcon_core.package_identification:_identify(src) by extension 'ros'
[0.229s] Level 1:colcon.colcon_core.package_identification:_identify(src) by extensions ['cmake', 'python']
[0.229s] Level 1:colcon.colcon_core.package_identification:_identify(src) by extension 'cmake'
[0.229s] Level 1:colcon.colcon_core.package_identification:_identify(src) by extension 'python'
[0.229s] Level 1:colcon.colcon_core.package_identification:_identify(src) by extensions ['python_setup_py']
[0.229s] Level 1:colcon.colcon_core.package_identification:_identify(src) by extension 'python_setup_py'
[0.229s] Level 1:colcon.colcon_core.package_identification:_identify(src/interfases) by extensions ['ignore', 'ignore_ament_install']
[0.229s] Level 1:colcon.colcon_core.package_identification:_identify(src/interfases) by extension 'ignore'
[0.229s] Level 1:colcon.colcon_core.package_identification:_identify(src/interfases) by extension 'ignore_ament_install'
[0.229s] Level 1:colcon.colcon_core.package_identification:_identify(src/interfases) by extensions ['colcon_pkg']
[0.229s] Level 1:colcon.colcon_core.package_identification:_identify(src/interfases) by extension 'colcon_pkg'
[0.230s] Level 1:colcon.colcon_core.package_identification:_identify(src/interfases) by extensions ['colcon_meta']
[0.230s] Level 1:colcon.colcon_core.package_identification:_identify(src/interfases) by extension 'colcon_meta'
[0.230s] Level 1:colcon.colcon_core.package_identification:_identify(src/interfases) by extensions ['ros']
[0.230s] Level 1:colcon.colcon_core.package_identification:_identify(src/interfases) by extension 'ros'
[0.231s] DEBUG:colcon.colcon_core.package_identification:Package 'src/interfases' with type 'ros.ament_cmake' and name 'interfases'
[0.231s] Level 1:colcon.colcon_core.package_discovery:discover_packages(recursive) using defaults
[0.231s] Level 1:colcon.colcon_core.package_discovery:discover_packages(ignore) discover
[0.231s] Level 1:colcon.colcon_core.package_discovery:discover_packages(ignore) using defaults
[0.231s] Level 1:colcon.colcon_core.package_discovery:discover_packages(path) discover
[0.231s] Level 1:colcon.colcon_core.package_discovery:discover_packages(path) using defaults
[0.245s] Level 1:colcon.colcon_core.package_discovery:discover_packages(prefix_path) check parameters
[0.245s] Level 1:colcon.colcon_core.package_discovery:discover_packages(prefix_path) discover
[0.246s] DEBUG:colcon.colcon_installed_package_information.package_discovery:Found 1 installed packages in /home/carbon/Documents/interfases_hw1/install
[0.248s] DEBUG:colcon.colcon_installed_package_information.package_discovery:Found 293 installed packages in /opt/ros/foxy
[0.249s] Level 1:colcon.colcon_core.package_discovery:discover_packages(prefix_path) using defaults
[0.305s] Level 5:colcon.colcon_core.verb:set package 'interfases' build argument 'cmake_args' from command line to 'None'
[0.305s] Level 5:colcon.colcon_core.verb:set package 'interfases' build argument 'cmake_target' from command line to 'None'
[0.305s] Level 5:colcon.colcon_core.verb:set package 'interfases' build argument 'cmake_target_skip_unavailable' from command line to 'False'
[0.305s] Level 5:colcon.colcon_core.verb:set package 'interfases' build argument 'cmake_clean_cache' from command line to 'False'
[0.305s] Level 5:colcon.colcon_core.verb:set package 'interfases' build argument 'cmake_clean_first' from command line to 'False'
[0.305s] Level 5:colcon.colcon_core.verb:set package 'interfases' build argument 'cmake_force_configure' from command line to 'False'
[0.305s] Level 5:colcon.colcon_core.verb:set package 'interfases' build argument 'ament_cmake_args' from command line to 'None'
[0.305s] Level 5:colcon.colcon_core.verb:set package 'interfases' build argument 'catkin_cmake_args' from command line to 'None'
[0.305s] Level 5:colcon.colcon_core.verb:set package 'interfases' build argument 'catkin_skip_building_tests' from command line to 'False'
[0.305s] DEBUG:colcon.colcon_core.verb:Building package 'interfases' with the following arguments: {'ament_cmake_args': None, 'build_base': '/home/carbon/Documents/interfases_hw1/build/interfases', 'catkin_cmake_args': None, 'catkin_skip_building_tests': False, 'cmake_args': None, 'cmake_clean_cache': False, 'cmake_clean_first': False, 'cmake_force_configure': False, 'cmake_target': None, 'cmake_target_skip_unavailable': False, 'install_base': '/home/carbon/Documents/interfases_hw1/install/interfases', 'merge_install': False, 'path': '/home/carbon/Documents/interfases_hw1/src/interfases', 'symlink_install': True, 'test_result_base': None}
[0.305s] INFO:colcon.colcon_core.executor:Executing jobs using 'parallel' executor
[0.308s] DEBUG:colcon.colcon_parallel_executor.executor.parallel:run_until_complete
[0.308s] INFO:colcon.colcon_ros.task.ament_cmake.build:Building ROS package in '/home/carbon/Documents/interfases_hw1/src/interfases' with build type 'ament_cmake'
[0.309s] INFO:colcon.colcon_cmake.task.cmake.build:Building CMake package in '/home/carbon/Documents/interfases_hw1/src/interfases'
[0.312s] INFO:colcon.colcon_core.plugin_system:Skipping extension 'colcon_core.shell.bat': Not used on non-Windows systems
[0.312s] INFO:colcon.colcon_core.shell:Skip shell extension 'powershell' for command environment: Not usable outside of PowerShell
[0.312s] DEBUG:colcon.colcon_core.shell:Skip shell extension 'dsv' for command environment
[0.360s] DEBUG:colcon.colcon_core.event_handler.log_command:Invoking command in '/home/carbon/Documents/interfases_hw1/build/interfases': CMAKE_PREFIX_PATH=${CMAKE_PREFIX_PATH}:/opt/ros/foxy /usr/bin/cmake --build /home/carbon/Documents/interfases_hw1/build/interfases -- -j8 -l8
[0.534s] DEBUG:colcon.colcon_core.event_handler.log_command:Invoked command in '/home/carbon/Documents/interfases_hw1/build/interfases' returned '0': CMAKE_PREFIX_PATH=${CMAKE_PREFIX_PATH}:/opt/ros/foxy /usr/bin/cmake --build /home/carbon/Documents/interfases_hw1/build/interfases -- -j8 -l8
[0.564s] DEBUG:colcon.colcon_core.event_handler.log_command:Invoking command in '/home/carbon/Documents/interfases_hw1/build/interfases': CMAKE_PREFIX_PATH=${CMAKE_PREFIX_PATH}:/opt/ros/foxy /usr/bin/cmake --install /home/carbon/Documents/interfases_hw1/build/interfases
[0.610s] Level 1:colcon.colcon_core.environment:create_environment_scripts_only(interfases)
[0.612s] DEBUG:colcon.colcon_core.event_handler.log_command:Invoked command in '/home/carbon/Documents/interfases_hw1/build/interfases' returned '0': CMAKE_PREFIX_PATH=${CMAKE_PREFIX_PATH}:/opt/ros/foxy /usr/bin/cmake --install /home/carbon/Documents/interfases_hw1/build/interfases
[0.615s] Level 1:colcon.colcon_core.environment:checking '/home/carbon/Documents/interfases_hw1/install/interfases' for CMake module files
[0.616s] Level 1:colcon.colcon_core.environment:checking '/home/carbon/Documents/interfases_hw1/install/interfases' for CMake config files
[0.616s] Level 1:colcon.colcon_core.shell:create_environment_hook('interfases', 'cmake_prefix_path')
[0.617s] INFO:colcon.colcon_core.shell:Creating environment hook '/home/carbon/Documents/interfases_hw1/install/interfases/share/interfases/hook/cmake_prefix_path.ps1'
[0.617s] INFO:colcon.colcon_core.shell:Creating environment descriptor '/home/carbon/Documents/interfases_hw1/install/interfases/share/interfases/hook/cmake_prefix_path.dsv'
[0.618s] INFO:colcon.colcon_core.shell:Creating environment hook '/home/carbon/Documents/interfases_hw1/install/interfases/share/interfases/hook/cmake_prefix_path.sh'
[0.618s] Level 1:colcon.colcon_core.environment:checking '/home/carbon/Documents/interfases_hw1/install/interfases/lib'
[0.618s] Level 1:colcon.colcon_core.shell:create_environment_hook('interfases', 'ld_library_path_lib')
[0.620s] INFO:colcon.colcon_core.shell:Creating environment hook '/home/carbon/Documents/interfases_hw1/install/interfases/share/interfases/hook/ld_library_path_lib.ps1'
[0.620s] INFO:colcon.colcon_core.shell:Creating environment descriptor '/home/carbon/Documents/interfases_hw1/install/interfases/share/interfases/hook/ld_library_path_lib.dsv'
[0.621s] INFO:colcon.colcon_core.shell:Creating environment hook '/home/carbon/Documents/interfases_hw1/install/interfases/share/interfases/hook/ld_library_path_lib.sh'
[0.621s] Level 1:colcon.colcon_core.environment:checking '/home/carbon/Documents/interfases_hw1/install/interfases/bin'
[0.621s] Level 1:colcon.colcon_core.environment:checking '/home/carbon/Documents/interfases_hw1/install/interfases/lib/pkgconfig/interfases.pc'
[0.621s] Level 1:colcon.colcon_core.environment:checking '/home/carbon/Documents/interfases_hw1/install/interfases/lib/python3.8/site-packages'
[0.621s] Level 1:colcon.colcon_core.shell:create_environment_hook('interfases', 'pythonpath')
[0.622s] INFO:colcon.colcon_core.shell:Creating environment hook '/home/carbon/Documents/interfases_hw1/install/interfases/share/interfases/hook/pythonpath.ps1'
[0.623s] INFO:colcon.colcon_core.shell:Creating environment descriptor '/home/carbon/Documents/interfases_hw1/install/interfases/share/interfases/hook/pythonpath.dsv'
[0.623s] INFO:colcon.colcon_core.shell:Creating environment hook '/home/carbon/Documents/interfases_hw1/install/interfases/share/interfases/hook/pythonpath.sh'
[0.623s] Level 1:colcon.colcon_core.environment:checking '/home/carbon/Documents/interfases_hw1/install/interfases/bin'
[0.625s] INFO:colcon.colcon_core.shell:Creating package script '/home/carbon/Documents/interfases_hw1/install/interfases/share/interfases/package.ps1'
[0.626s] INFO:colcon.colcon_core.shell:Creating package descriptor '/home/carbon/Documents/interfases_hw1/install/interfases/share/interfases/package.dsv'
[0.626s] INFO:colcon.colcon_core.shell:Creating package script '/home/carbon/Documents/interfases_hw1/install/interfases/share/interfases/package.sh'
[0.626s] INFO:colcon.colcon_core.shell:Creating package script '/home/carbon/Documents/interfases_hw1/install/interfases/share/interfases/package.bash'
[0.627s] INFO:colcon.colcon_core.shell:Creating package script '/home/carbon/Documents/interfases_hw1/install/interfases/share/interfases/package.zsh'
[0.627s] Level 1:colcon.colcon_core.environment:create_file_with_runtime_dependencies(/home/carbon/Documents/interfases_hw1/install/interfases/share/colcon-core/packages/interfases)
[0.648s] Level 1:colcon.colcon_core.environment:create_environment_scripts_only(interfases)
[0.650s] Level 1:colcon.colcon_core.environment:checking '/home/carbon/Documents/interfases_hw1/install/interfases' for CMake module files
[0.650s] Level 1:colcon.colcon_core.environment:checking '/home/carbon/Documents/interfases_hw1/install/interfases' for CMake config files
[0.650s] Level 1:colcon.colcon_core.shell:create_environment_hook('interfases', 'cmake_prefix_path')
[0.651s] INFO:colcon.colcon_core.shell:Creating environment hook '/home/carbon/Documents/interfases_hw1/install/interfases/share/interfases/hook/cmake_prefix_path.ps1'
[0.651s] INFO:colcon.colcon_core.shell:Creating environment descriptor '/home/carbon/Documents/interfases_hw1/install/interfases/share/interfases/hook/cmake_prefix_path.dsv'
[0.652s] INFO:colcon.colcon_core.shell:Creating environment hook '/home/carbon/Documents/interfases_hw1/install/interfases/share/interfases/hook/cmake_prefix_path.sh'
[0.652s] Level 1:colcon.colcon_core.environment:checking '/home/carbon/Documents/interfases_hw1/install/interfases/lib'
[0.652s] Level 1:colcon.colcon_core.shell:create_environment_hook('interfases', 'ld_library_path_lib')
[0.653s] INFO:colcon.colcon_core.shell:Creating environment hook '/home/carbon/Documents/interfases_hw1/install/interfases/share/interfases/hook/ld_library_path_lib.ps1'
[0.654s] INFO:colcon.colcon_core.shell:Creating environment descriptor '/home/carbon/Documents/interfases_hw1/install/interfases/share/interfases/hook/ld_library_path_lib.dsv'
[0.654s] INFO:colcon.colcon_core.shell:Creating environment hook '/home/carbon/Documents/interfases_hw1/install/interfases/share/interfases/hook/ld_library_path_lib.sh'
[0.654s] Level 1:colcon.colcon_core.environment:checking '/home/carbon/Documents/interfases_hw1/install/interfases/bin'
[0.654s] Level 1:colcon.colcon_core.environment:checking '/home/carbon/Documents/interfases_hw1/install/interfases/lib/pkgconfig/interfases.pc'
[0.654s] Level 1:colcon.colcon_core.environment:checking '/home/carbon/Documents/interfases_hw1/install/interfases/lib/python3.8/site-packages'
[0.654s] Level 1:colcon.colcon_core.shell:create_environment_hook('interfases', 'pythonpath')
[0.655s] INFO:colcon.colcon_core.shell:Creating environment hook '/home/carbon/Documents/interfases_hw1/install/interfases/share/interfases/hook/pythonpath.ps1'
[0.655s] INFO:colcon.colcon_core.shell:Creating environment descriptor '/home/carbon/Documents/interfases_hw1/install/interfases/share/interfases/hook/pythonpath.dsv'
[0.656s] INFO:colcon.colcon_core.shell:Creating environment hook '/home/carbon/Documents/interfases_hw1/install/interfases/share/interfases/hook/pythonpath.sh'
[0.656s] Level 1:colcon.colcon_core.environment:checking '/home/carbon/Documents/interfases_hw1/install/interfases/bin'
[0.657s] INFO:colcon.colcon_core.shell:Creating package script '/home/carbon/Documents/interfases_hw1/install/interfases/share/interfases/package.ps1'
[0.657s] INFO:colcon.colcon_core.shell:Creating package descriptor '/home/carbon/Documents/interfases_hw1/install/interfases/share/interfases/package.dsv'
[0.658s] INFO:colcon.colcon_core.shell:Creating package script '/home/carbon/Documents/interfases_hw1/install/interfases/share/interfases/package.sh'
[0.658s] INFO:colcon.colcon_core.shell:Creating package script '/home/carbon/Documents/interfases_hw1/install/interfases/share/interfases/package.bash'
[0.658s] INFO:colcon.colcon_core.shell:Creating package script '/home/carbon/Documents/interfases_hw1/install/interfases/share/interfases/package.zsh'
[0.658s] Level 1:colcon.colcon_core.environment:create_file_with_runtime_dependencies(/home/carbon/Documents/interfases_hw1/install/interfases/share/colcon-core/packages/interfases)
[0.659s] DEBUG:colcon.colcon_parallel_executor.executor.parallel:closing loop
[0.659s] DEBUG:colcon.colcon_parallel_executor.executor.parallel:loop closed
[0.659s] DEBUG:colcon.colcon_parallel_executor.executor.parallel:run_until_complete finished with '0'
[0.659s] DEBUG:colcon.colcon_core.event_reactor:joining thread
[0.663s] INFO:colcon.colcon_core.plugin_system:Skipping extension 'colcon_notification.desktop_notification.terminal_notifier': Not used on non-Darwin systems
[0.664s] INFO:colcon.colcon_core.plugin_system:Skipping extension 'colcon_notification.desktop_notification.win32': Not used on non-Windows systems
[0.664s] INFO:colcon.colcon_notification.desktop_notification:Sending desktop notification using 'notify2'
[0.676s] DEBUG:colcon.colcon_core.event_reactor:joined thread
[0.677s] INFO:colcon.colcon_core.shell:Creating prefix script '/home/carbon/Documents/interfases_hw1/install/local_setup.ps1'
[0.678s] INFO:colcon.colcon_core.shell:Creating prefix util module '/home/carbon/Documents/interfases_hw1/install/_local_setup_util_ps1.py'
[0.680s] INFO:colcon.colcon_core.shell:Creating prefix chain script '/home/carbon/Documents/interfases_hw1/install/setup.ps1'
[0.681s] INFO:colcon.colcon_core.shell:Creating prefix script '/home/carbon/Documents/interfases_hw1/install/local_setup.sh'
[0.682s] INFO:colcon.colcon_core.shell:Creating prefix util module '/home/carbon/Documents/interfases_hw1/install/_local_setup_util_sh.py'
[0.682s] INFO:colcon.colcon_core.shell:Creating prefix chain script '/home/carbon/Documents/interfases_hw1/install/setup.sh'
[0.684s] INFO:colcon.colcon_core.shell:Creating prefix script '/home/carbon/Documents/interfases_hw1/install/local_setup.bash'
[0.684s] INFO:colcon.colcon_core.shell:Creating prefix chain script '/home/carbon/Documents/interfases_hw1/install/setup.bash'
[0.686s] INFO:colcon.colcon_core.shell:Creating prefix script '/home/carbon/Documents/interfases_hw1/install/local_setup.zsh'
[0.686s] INFO:colcon.colcon_core.shell:Creating prefix chain script '/home/carbon/Documents/interfases_hw1/install/setup.zsh'
