[0.049s] Invoking command in '/home/carbon/Documents/interfases_hw1/build/interfases': CMAKE_PREFIX_PATH=${CMAKE_PREFIX_PATH}:/opt/ros/foxy /usr/bin/cmake --build /home/carbon/Documents/interfases_hw1/build/interfases -- -j8 -l8
[0.080s] [35m[1mScanning dependencies of target multiplicador[0m
[0.088s] [ 50%] [32mBuilding CXX object CMakeFiles/multiplicador.dir/src/multiplicador.cpp.o[0m
[0.155s] [100%] [32m[1mLinking CXX shared library libmultiplicador.so[0m
[0.186s] [100%] Built target multiplicador
[0.195s] Invoked command in '/home/carbon/Documents/interfases_hw1/build/interfases' returned '0': CMAKE_PREFIX_PATH=${CMAKE_PREFIX_PATH}:/opt/ros/foxy /usr/bin/cmake --build /home/carbon/Documents/interfases_hw1/build/interfases -- -j8 -l8
[0.227s] Invoking command in '/home/carbon/Documents/interfases_hw1/build/interfases': CMAKE_PREFIX_PATH=${CMAKE_PREFIX_PATH}:/opt/ros/foxy /usr/bin/cmake --install /home/carbon/Documents/interfases_hw1/build/interfases
[0.236s] -- Install configuration: ""
[0.236s] -- Execute custom install script
[0.236s] -- Up-to-date symlink: /home/carbon/Documents/interfases_hw1/install/interfases/share/interfases/environment/library_path.sh
[0.236s] -- Up-to-date symlink: /home/carbon/Documents/interfases_hw1/install/interfases/share/interfases/environment/library_path.dsv
[0.237s] -- Up-to-date symlink: /home/carbon/Documents/interfases_hw1/install/interfases/include/interfases/multiplicador.hpp
[0.237s] -- Up-to-date symlink: /home/carbon/Documents/interfases_hw1/install/interfases/share/interfases/environment/pythonpath.sh
[0.237s] -- Up-to-date symlink: /home/carbon/Documents/interfases_hw1/install/interfases/share/interfases/environment/pythonpath.dsv
[0.238s] -- Up-to-date symlink: /home/carbon/Documents/interfases_hw1/install/interfases/lib/python3.8/site-packages/interfases/__init__.py
[0.238s] -- Up-to-date symlink: /home/carbon/Documents/interfases_hw1/install/interfases/lib/interfases/image.py
[0.238s] -- Up-to-date symlink: /home/carbon/Documents/interfases_hw1/install/interfases/share/ament_index/resource_index/package_run_dependencies/interfases
[0.238s] -- Up-to-date symlink: /home/carbon/Documents/interfases_hw1/install/interfases/share/ament_index/resource_index/parent_prefix_path/interfases
[0.238s] -- Up-to-date symlink: /home/carbon/Documents/interfases_hw1/install/interfases/share/interfases/environment/ament_prefix_path.sh
[0.239s] -- Up-to-date symlink: /home/carbon/Documents/interfases_hw1/install/interfases/share/interfases/environment/ament_prefix_path.dsv
[0.239s] -- Up-to-date symlink: /home/carbon/Documents/interfases_hw1/install/interfases/share/interfases/environment/path.sh
[0.239s] -- Up-to-date symlink: /home/carbon/Documents/interfases_hw1/install/interfases/share/interfases/environment/path.dsv
[0.239s] -- Up-to-date symlink: /home/carbon/Documents/interfases_hw1/install/interfases/share/interfases/local_setup.bash
[0.240s] -- Up-to-date symlink: /home/carbon/Documents/interfases_hw1/install/interfases/share/interfases/local_setup.sh
[0.240s] -- Up-to-date symlink: /home/carbon/Documents/interfases_hw1/install/interfases/share/interfases/local_setup.zsh
[0.240s] -- Up-to-date symlink: /home/carbon/Documents/interfases_hw1/install/interfases/share/interfases/local_setup.dsv
[0.240s] -- Symlinking: /home/carbon/Documents/interfases_hw1/install/interfases/share/interfases/package.dsv
[0.248s] -- Up-to-date symlink: /home/carbon/Documents/interfases_hw1/install/interfases/share/ament_index/resource_index/packages/interfases
[0.248s] -- Up-to-date symlink: /home/carbon/Documents/interfases_hw1/install/interfases/share/interfases/cmake/ament_cmake_export_targets-extras.cmake
[0.249s] -- Up-to-date symlink: /home/carbon/Documents/interfases_hw1/install/interfases/share/interfases/cmake/interfasesConfig.cmake
[0.249s] -- Up-to-date symlink: /home/carbon/Documents/interfases_hw1/install/interfases/share/interfases/cmake/interfasesConfig-version.cmake
[0.249s] -- Up-to-date symlink: /home/carbon/Documents/interfases_hw1/install/interfases/share/interfases/package.xml
[0.249s] -- Installing: /home/carbon/Documents/interfases_hw1/install/interfases/lib/libmultiplicador.so
[0.269s] Listing '/home/carbon/Documents/interfases_hw1/install/interfases/lib/python3.8/site-packages/interfases'...
[0.271s] -- Up-to-date: /home/carbon/Documents/interfases_hw1/install/interfases/share/interfases/cmake/multiplicadorExport.cmake
[0.271s] -- Up-to-date: /home/carbon/Documents/interfases_hw1/install/interfases/share/interfases/cmake/multiplicadorExport-noconfig.cmake
[0.274s] Invoked command in '/home/carbon/Documents/interfases_hw1/build/interfases' returned '0': CMAKE_PREFIX_PATH=${CMAKE_PREFIX_PATH}:/opt/ros/foxy /usr/bin/cmake --install /home/carbon/Documents/interfases_hw1/build/interfases
