[0.021s] Invoking command in '/home/carbon/Documents/interfases_hw1/build/interfaces': CMAKE_PREFIX_PATH=/opt/ros/foxy /usr/bin/cmake --build /home/carbon/Documents/interfases_hw1/build/interfaces -- -j8 -l8
[0.044s] -- Found ament_cmake: 0.9.11 (/opt/ros/foxy/share/ament_cmake/cmake)
[0.064s] -- Using PYTHON_EXECUTABLE: /usr/bin/python3
[0.194s] -- Found rclcpp: 2.4.2 (/opt/ros/foxy/share/rclcpp/cmake)
[0.219s] -- Using all available rosidl_typesupport_c: rosidl_typesupport_fastrtps_c;rosidl_typesupport_introspection_c
[0.222s] -- Found rosidl_adapter: 1.3.0 (/opt/ros/foxy/share/rosidl_adapter/cmake)
[0.304s] -- Using all available rosidl_typesupport_cpp: rosidl_typesupport_fastrtps_cpp;rosidl_typesupport_introspection_cpp
[0.336s] -- Found rmw_implementation_cmake: 1.0.4 (/opt/ros/foxy/share/rmw_implementation_cmake/cmake)
[0.337s] -- Using RMW implementation 'rmw_fastrtps_cpp' as default
[0.436s] -- Found sensor_msgs: 2.0.5 (/opt/ros/foxy/share/sensor_msgs/cmake)
[0.512s] -- Found ament_lint_auto: 0.9.8 (/opt/ros/foxy/share/ament_lint_auto/cmake)
[0.555s] -- Added test 'copyright' to check source files copyright and LICENSE
[0.556s] -- Added test 'flake8' to check Python code syntax and style conventions
[0.556s] -- Added test 'lint_cmake' to check CMake code style
[0.556s] -- Added test 'pep257' to check Python code against some of the style conventions in PEP 257
[0.557s] -- Added test 'xmllint' to check XML markup files
[0.558s] -- Configuring done
[0.560s] -- Generating done
[0.561s] -- Build files have been written to: /home/carbon/Documents/interfases_hw1/build/interfaces
[0.580s] Invoked command in '/home/carbon/Documents/interfases_hw1/build/interfaces' returned '0': CMAKE_PREFIX_PATH=/opt/ros/foxy /usr/bin/cmake --build /home/carbon/Documents/interfases_hw1/build/interfaces -- -j8 -l8
[0.606s] Invoking command in '/home/carbon/Documents/interfases_hw1/build/interfaces': CMAKE_PREFIX_PATH=/opt/ros/foxy /usr/bin/cmake --install /home/carbon/Documents/interfases_hw1/build/interfaces
[0.612s] -- Install configuration: ""
[0.612s] CMake Error at cmake_install.cmake:41 (file):
[0.612s]   file INSTALL cannot find
[0.612s]   "/home/carbon/Documents/interfases_hw1/src/interfaces/python_scripts/detector.py":
[0.612s]   No such file or directory.
[0.612s] 
[0.613s] 
[0.613s] Invoked command in '/home/carbon/Documents/interfases_hw1/build/interfaces' returned '1': CMAKE_PREFIX_PATH=/opt/ros/foxy /usr/bin/cmake --install /home/carbon/Documents/interfases_hw1/build/interfaces
