[0.011s] Invoking command in '/home/carbon/Documents/interfases_hw1/build/interfases': /usr/bin/cmake /home/carbon/Documents/interfases_hw1/src/interfases -DCMAKE_INSTALL_PREFIX=/home/carbon/Documents/interfases_hw1/install/interfases
[0.021s] -- Found ament_cmake: 0.9.11 (/opt/ros/foxy/share/ament_cmake/cmake)
[0.037s] -- Using PYTHON_EXECUTABLE: /usr/bin/python3
[0.149s] -- Override CMake install command with custom implementation using symlinks instead of copying resources
[0.154s] -- Found rclcpp: 2.4.2 (/opt/ros/foxy/share/rclcpp/cmake)
[0.178s] -- Using all available rosidl_typesupport_c: rosidl_typesupport_fastrtps_c;rosidl_typesupport_introspection_c
[0.180s] -- Found rosidl_adapter: 1.3.0 (/opt/ros/foxy/share/rosidl_adapter/cmake)
[0.261s] -- Using all available rosidl_typesupport_cpp: rosidl_typesupport_fastrtps_cpp;rosidl_typesupport_introspection_cpp
[0.294s] -- Found rmw_implementation_cmake: 1.0.4 (/opt/ros/foxy/share/rmw_implementation_cmake/cmake)
[0.295s] -- Using RMW implementation 'rmw_fastrtps_cpp' as default
[0.391s] -- Found rclpy: 1.0.12 (/opt/ros/foxy/share/rclpy/cmake)
[0.397s] CMake Error at CMakeLists.txt:24 (find_package):
[0.397s]   By not providing "Findprotobuf.cmake" in CMAKE_MODULE_PATH this project has
[0.397s]   asked CMake to find a package configuration file provided by "protobuf",
[0.398s]   but CMake did not find one.
[0.398s] 
[0.398s]   Could not find a package configuration file provided by "protobuf" with any
[0.398s]   of the following names:
[0.398s] 
[0.398s]     protobufConfig.cmake
[0.398s]     protobuf-config.cmake
[0.398s] 
[0.398s]   Add the installation prefix of "protobuf" to CMAKE_PREFIX_PATH or set
[0.398s]   "protobuf_DIR" to a directory containing one of the above files.  If
[0.398s]   "protobuf" provides a separate development package or SDK, be sure it has
[0.398s]   been installed.
[0.398s] 
[0.398s] 
[0.398s] -- Configuring incomplete, errors occurred!
[0.398s] See also "/home/carbon/Documents/interfases_hw1/build/interfases/CMakeFiles/CMakeOutput.log".
[0.398s] See also "/home/carbon/Documents/interfases_hw1/build/interfases/CMakeFiles/CMakeError.log".
[0.403s] Invoked command in '/home/carbon/Documents/interfases_hw1/build/interfases' returned '1': /usr/bin/cmake /home/carbon/Documents/interfases_hw1/src/interfases -DCMAKE_INSTALL_PREFIX=/home/carbon/Documents/interfases_hw1/install/interfases
