[0.015s] Invoking command in '/home/carbon/Documents/interfases_hw1/build/interfases': CMAKE_PREFIX_PATH=${CMAKE_PREFIX_PATH}:/opt/ros/foxy /usr/bin/cmake /home/carbon/Documents/interfases_hw1/src/interfases -DCMAKE_INSTALL_PREFIX=/home/carbon/Documents/interfases_hw1/install/interfases
[0.025s] -- Found ament_cmake: 0.9.11 (/opt/ros/foxy/share/ament_cmake/cmake)
[0.041s] -- Using PYTHON_EXECUTABLE: /usr/bin/python3
[0.168s] -- Override CMake install command with custom implementation using symlinks instead of copying resources
[0.174s] -- Found rclcpp: 2.4.2 (/opt/ros/foxy/share/rclcpp/cmake)
[0.197s] -- Using all available rosidl_typesupport_c: rosidl_typesupport_fastrtps_c;rosidl_typesupport_introspection_c
[0.199s] -- Found rosidl_adapter: 1.3.0 (/opt/ros/foxy/share/rosidl_adapter/cmake)
[0.291s] -- Using all available rosidl_typesupport_cpp: rosidl_typesupport_fastrtps_cpp;rosidl_typesupport_introspection_cpp
[0.325s] -- Found rmw_implementation_cmake: 1.0.4 (/opt/ros/foxy/share/rmw_implementation_cmake/cmake)
[0.325s] -- Using RMW implementation 'rmw_fastrtps_cpp' as default
[0.419s] -- Found rclpy: 1.0.12 (/opt/ros/foxy/share/rclpy/cmake)
[0.427s] CMake Error at CMakeLists.txt:24 (find_package):
[0.427s]   By not providing "Finddotnet_csharp.cmake" in CMAKE_MODULE_PATH this
[0.427s]   project has asked CMake to find a package configuration file provided by
[0.427s]   "dotnet_csharp", but CMake did not find one.
[0.427s] 
[0.427s]   Could not find a package configuration file provided by "dotnet_csharp"
[0.427s]   with any of the following names:
[0.428s] 
[0.428s]     dotnet_csharpConfig.cmake
[0.428s]     dotnet_csharp-config.cmake
[0.428s] 
[0.428s]   Add the installation prefix of "dotnet_csharp" to CMAKE_PREFIX_PATH or set
[0.428s]   "dotnet_csharp_DIR" to a directory containing one of the above files.  If
[0.428s]   "dotnet_csharp" provides a separate development package or SDK, be sure it
[0.428s]   has been installed.
[0.428s] 
[0.428s] 
[0.429s] -- Configuring incomplete, errors occurred!
[0.429s] See also "/home/carbon/Documents/interfases_hw1/build/interfases/CMakeFiles/CMakeOutput.log".
[0.429s] See also "/home/carbon/Documents/interfases_hw1/build/interfases/CMakeFiles/CMakeError.log".
[0.433s] Invoked command in '/home/carbon/Documents/interfases_hw1/build/interfases' returned '1': CMAKE_PREFIX_PATH=${CMAKE_PREFIX_PATH}:/opt/ros/foxy /usr/bin/cmake /home/carbon/Documents/interfases_hw1/src/interfases -DCMAKE_INSTALL_PREFIX=/home/carbon/Documents/interfases_hw1/install/interfases
