[0.011s] Invoking command in '/home/carbon/Documents/interfases_hw1/build/interfases': /usr/bin/cmake /home/carbon/Documents/interfases_hw1/src/interfases -DCMAKE_INSTALL_PREFIX=/home/carbon/Documents/interfases_hw1/install/interfases
[0.021s] -- Found ament_cmake: 0.9.11 (/opt/ros/foxy/share/ament_cmake/cmake)
[0.038s] -- Using PYTHON_EXECUTABLE: /usr/bin/python3
[0.155s] -- Override CMake install command with custom implementation using symlinks instead of copying resources
[0.160s] -- Found rclcpp: 2.4.2 (/opt/ros/foxy/share/rclcpp/cmake)
[0.183s] -- Using all available rosidl_typesupport_c: rosidl_typesupport_fastrtps_c;rosidl_typesupport_introspection_c
[0.185s] -- Found rosidl_adapter: 1.3.0 (/opt/ros/foxy/share/rosidl_adapter/cmake)
[0.264s] -- Using all available rosidl_typesupport_cpp: rosidl_typesupport_fastrtps_cpp;rosidl_typesupport_introspection_cpp
[0.298s] -- Found rmw_implementation_cmake: 1.0.4 (/opt/ros/foxy/share/rmw_implementation_cmake/cmake)
[0.298s] -- Using RMW implementation 'rmw_fastrtps_cpp' as default
[0.393s] -- Found rclpy: 1.0.12 (/opt/ros/foxy/share/rclpy/cmake)
[0.417s] -- Found Protobuf: /usr/lib/x86_64-linux-gnu/libprotobuf.so;-lpthread (found version "3.6.1") 
[0.424s] CMake Error at CMakeLists.txt:25 (find_package):
[0.424s]   By not providing "FindGRPC.cmake" in CMAKE_MODULE_PATH this project has
[0.424s]   asked CMake to find a package configuration file provided by "GRPC", but
[0.424s]   CMake did not find one.
[0.424s] 
[0.424s]   Could not find a package configuration file provided by "GRPC" with any of
[0.424s]   the following names:
[0.424s] 
[0.424s]     GRPCConfig.cmake
[0.424s]     grpc-config.cmake
[0.424s] 
[0.425s]   Add the installation prefix of "GRPC" to CMAKE_PREFIX_PATH or set
[0.425s]   "GRPC_DIR" to a directory containing one of the above files.  If "GRPC"
[0.425s]   provides a separate development package or SDK, be sure it has been
[0.425s]   installed.
[0.425s] 
[0.425s] 
[0.425s] -- Configuring incomplete, errors occurred!
[0.425s] See also "/home/carbon/Documents/interfases_hw1/build/interfases/CMakeFiles/CMakeOutput.log".
[0.425s] See also "/home/carbon/Documents/interfases_hw1/build/interfases/CMakeFiles/CMakeError.log".
[0.431s] Invoked command in '/home/carbon/Documents/interfases_hw1/build/interfases' returned '1': /usr/bin/cmake /home/carbon/Documents/interfases_hw1/src/interfases -DCMAKE_INSTALL_PREFIX=/home/carbon/Documents/interfases_hw1/install/interfases
