[0.014s] Invoking command in '/home/carbon/Documents/interfases_hw1/build/interfases': /usr/bin/cmake /home/carbon/Documents/interfases_hw1/src/interfases -DCMAKE_INSTALL_PREFIX=/home/carbon/Documents/interfases_hw1/install/interfases
[0.043s] -- Found ament_cmake: 0.9.11 (/opt/ros/foxy/share/ament_cmake/cmake)
[0.065s] -- Using PYTHON_EXECUTABLE: /usr/bin/python3
[0.192s] -- Override CMake install command with custom implementation using symlinks instead of copying resources
[0.208s] -- Found rclcpp: 2.4.2 (/opt/ros/foxy/share/rclcpp/cmake)
[0.244s] -- Using all available rosidl_typesupport_c: rosidl_typesupport_fastrtps_c;rosidl_typesupport_introspection_c
[0.248s] -- Found rosidl_adapter: 1.3.0 (/opt/ros/foxy/share/rosidl_adapter/cmake)
[0.337s] -- Using all available rosidl_typesupport_cpp: rosidl_typesupport_fastrtps_cpp;rosidl_typesupport_introspection_cpp
[0.376s] -- Found rmw_implementation_cmake: 1.0.4 (/opt/ros/foxy/share/rmw_implementation_cmake/cmake)
[0.378s] -- Using RMW implementation 'rmw_fastrtps_cpp' as default
[0.495s] -- Found rclpy: 1.0.12 (/opt/ros/foxy/share/rclpy/cmake)
[0.495s] CMake Error at CMakeLists.txt:24 (find_package):
[0.495s]   find_package called with incorrect number of arguments
[0.495s] 
[0.495s] 
[0.499s] -- Found ament_lint_auto: 0.9.8 (/opt/ros/foxy/share/ament_lint_auto/cmake)
[0.537s] Error parsing '/home/carbon/Documents/interfases_hw1/src/interfases/package.xml':
[0.649s] Traceback (most recent call last):
[0.649s]   File "/opt/ros/foxy/share/ament_cmake_core/cmake/core/package_xml_2_cmake.py", line 143, in <module>
[0.649s]     main()
[0.649s]   File "/opt/ros/foxy/share/ament_cmake_core/cmake/core/package_xml_2_cmake.py", line 52, in main
[0.649s]     raise e
[0.649s]   File "/opt/ros/foxy/share/ament_cmake_core/cmake/core/package_xml_2_cmake.py", line 48, in main
[0.650s]     package = parse_package_string(
[0.650s]   File "/usr/lib/python3/dist-packages/catkin_pkg/package.py", line 786, in parse_package_string
[0.650s]     raise InvalidPackage('Error(s):%s' % (''.join(['\n- %s' % e for e in errors])), filename)
[0.650s] catkin_pkg.package.InvalidPackage: Error(s) in package '/home/carbon/Documents/interfases_hw1/src/interfases/package.xml':
[0.650s] Error(s):
[0.650s] - The generic dependency on 'grpc' is redundant with: build_depend, exec_depend
[0.650s] - The generic dependency on 'protobuf' is redundant with: build_depend, exec_depend
[0.665s] CMake Error at /opt/ros/foxy/share/ament_cmake_core/cmake/core/ament_package_xml.cmake:94 (message):
[0.665s]   execute_process(/usr/bin/python3
[0.665s]   /opt/ros/foxy/share/ament_cmake_core/cmake/core/package_xml_2_cmake.py
[0.665s]   /home/carbon/Documents/interfases_hw1/src/interfases/package.xml
[0.665s]   /home/carbon/Documents/interfases_hw1/build/interfases/ament_cmake_core/package.cmake)
[0.665s]   returned error code 1
[0.665s] Call Stack (most recent call first):
[0.666s]   /opt/ros/foxy/share/ament_cmake_core/cmake/core/ament_package_xml.cmake:49 (_ament_package_xml)
[0.666s]   /opt/ros/foxy/share/ament_lint_auto/cmake/ament_lint_auto_find_test_dependencies.cmake:31 (ament_package_xml)
[0.666s]   CMakeLists.txt:64 (ament_lint_auto_find_test_dependencies)
[0.666s] 
[0.666s] 
[0.666s] -- Configuring incomplete, errors occurred!
[0.666s] See also "/home/carbon/Documents/interfases_hw1/build/interfases/CMakeFiles/CMakeOutput.log".
[0.666s] See also "/home/carbon/Documents/interfases_hw1/build/interfases/CMakeFiles/CMakeError.log".
[0.672s] Invoked command in '/home/carbon/Documents/interfases_hw1/build/interfases' returned '1': /usr/bin/cmake /home/carbon/Documents/interfases_hw1/src/interfases -DCMAKE_INSTALL_PREFIX=/home/carbon/Documents/interfases_hw1/install/interfases
