[0.012s] Invoking command in '/home/carbon/Documents/interfases_hw1/build/interfases': /usr/bin/cmake /home/carbon/Documents/interfases_hw1/src/interfases -DCMAKE_INSTALL_PREFIX=/home/carbon/Documents/interfases_hw1/install/interfases
[0.023s] -- Found ament_cmake: 0.9.11 (/opt/ros/foxy/share/ament_cmake/cmake)
[0.039s] -- Using PYTHON_EXECUTABLE: /usr/bin/python3
[0.156s] -- Override CMake install command with custom implementation using symlinks instead of copying resources
[0.161s] -- Found rclcpp: 2.4.2 (/opt/ros/foxy/share/rclcpp/cmake)
[0.185s] -- Using all available rosidl_typesupport_c: rosidl_typesupport_fastrtps_c;rosidl_typesupport_introspection_c
[0.187s] -- Found rosidl_adapter: 1.3.0 (/opt/ros/foxy/share/rosidl_adapter/cmake)
[0.270s] -- Using all available rosidl_typesupport_cpp: rosidl_typesupport_fastrtps_cpp;rosidl_typesupport_introspection_cpp
[0.303s] -- Found rmw_implementation_cmake: 1.0.4 (/opt/ros/foxy/share/rmw_implementation_cmake/cmake)
[0.303s] -- Using RMW implementation 'rmw_fastrtps_cpp' as default
[0.402s] -- Found rclpy: 1.0.12 (/opt/ros/foxy/share/rclpy/cmake)
[0.409s] CMake Error at CMakeLists.txt:24 (find_package):
[0.409s]   By not providing "FindDotNET.cmake" in CMAKE_MODULE_PATH this project has
[0.409s]   asked CMake to find a package configuration file provided by "DotNET", but
[0.409s]   CMake did not find one.
[0.409s] 
[0.409s]   Could not find a package configuration file provided by "DotNET" with any
[0.409s]   of the following names:
[0.409s] 
[0.409s]     DotNETConfig.cmake
[0.410s]     dotnet-config.cmake
[0.410s] 
[0.410s]   Add the installation prefix of "DotNET" to CMAKE_PREFIX_PATH or set
[0.410s]   "DotNET_DIR" to a directory containing one of the above files.  If "DotNET"
[0.410s]   provides a separate development package or SDK, be sure it has been
[0.410s]   installed.
[0.410s] 
[0.410s] 
[0.410s] -- Configuring incomplete, errors occurred!
[0.410s] See also "/home/carbon/Documents/interfases_hw1/build/interfases/CMakeFiles/CMakeOutput.log".
[0.410s] See also "/home/carbon/Documents/interfases_hw1/build/interfases/CMakeFiles/CMakeError.log".
[0.414s] Invoked command in '/home/carbon/Documents/interfases_hw1/build/interfases' returned '1': /usr/bin/cmake /home/carbon/Documents/interfases_hw1/src/interfases -DCMAKE_INSTALL_PREFIX=/home/carbon/Documents/interfases_hw1/install/interfases
