[0.018s] Invoking command in '/home/carbon/Documents/interfases_hw1/build/interfases': CMAKE_PREFIX_PATH=${CMAKE_PREFIX_PATH}:/opt/ros/foxy /usr/bin/cmake /home/carbon/Documents/interfases_hw1/src/interfases -DCMAKE_INSTALL_PREFIX=/home/carbon/Documents/interfases_hw1/install/interfases
[0.030s] -- Found ament_cmake: 0.9.11 (/opt/ros/foxy/share/ament_cmake/cmake)
[0.049s] -- Using PYTHON_EXECUTABLE: /usr/bin/python3
[0.172s] -- Override CMake install command with custom implementation using symlinks instead of copying resources
[0.178s] -- Found rclcpp: 2.4.2 (/opt/ros/foxy/share/rclcpp/cmake)
[0.205s] -- Using all available rosidl_typesupport_c: rosidl_typesupport_fastrtps_c;rosidl_typesupport_introspection_c
[0.207s] -- Found rosidl_adapter: 1.3.0 (/opt/ros/foxy/share/rosidl_adapter/cmake)
[0.296s] -- Using all available rosidl_typesupport_cpp: rosidl_typesupport_fastrtps_cpp;rosidl_typesupport_introspection_cpp
[0.333s] -- Found rmw_implementation_cmake: 1.0.4 (/opt/ros/foxy/share/rmw_implementation_cmake/cmake)
[0.333s] -- Using RMW implementation 'rmw_fastrtps_cpp' as default
[0.428s] -- Found rclpy: 1.0.12 (/opt/ros/foxy/share/rclpy/cmake)
[0.436s] CMake Error at CMakeLists.txt:24 (find_package):
[0.436s]   By not providing "Findcsharp.cmake" in CMAKE_MODULE_PATH this project has
[0.436s]   asked CMake to find a package configuration file provided by "csharp", but
[0.436s]   CMake did not find one.
[0.436s] 
[0.436s]   Could not find a package configuration file provided by "csharp" with any
[0.436s]   of the following names:
[0.436s] 
[0.436s]     csharpConfig.cmake
[0.436s]     csharp-config.cmake
[0.436s] 
[0.436s]   Add the installation prefix of "csharp" to CMAKE_PREFIX_PATH or set
[0.436s]   "csharp_DIR" to a directory containing one of the above files.  If "csharp"
[0.436s]   provides a separate development package or SDK, be sure it has been
[0.436s]   installed.
[0.436s] 
[0.437s] 
[0.437s] -- Configuring incomplete, errors occurred!
[0.437s] See also "/home/carbon/Documents/interfases_hw1/build/interfases/CMakeFiles/CMakeOutput.log".
[0.437s] See also "/home/carbon/Documents/interfases_hw1/build/interfases/CMakeFiles/CMakeError.log".
[0.443s] Invoked command in '/home/carbon/Documents/interfases_hw1/build/interfases' returned '1': CMAKE_PREFIX_PATH=${CMAKE_PREFIX_PATH}:/opt/ros/foxy /usr/bin/cmake /home/carbon/Documents/interfases_hw1/src/interfases -DCMAKE_INSTALL_PREFIX=/home/carbon/Documents/interfases_hw1/install/interfases
