[0.021s] Invoking command in '/home/carbon/Documents/interfases_hw1/build/interfaces': CMAKE_PREFIX_PATH=${CMAKE_PREFIX_PATH}:/opt/ros/foxy /usr/bin/cmake /home/carbon/Documents/interfases_hw1/src/interfaces -DAMENT_CMAKE_SYMLINK_INSTALL=1 -DCMAKE_INSTALL_PREFIX=/home/carbon/Documents/interfases_hw1/install/interfaces
[0.032s] -- Found ament_cmake: 0.9.11 (/opt/ros/foxy/share/ament_cmake/cmake)
[0.048s] -- Using PYTHON_EXECUTABLE: /usr/bin/python3
[0.175s] -- Override CMake install command with custom implementation using symlinks instead of copying resources
[0.179s] -- Found rclcpp: 2.4.2 (/opt/ros/foxy/share/rclcpp/cmake)
[0.201s] -- Using all available rosidl_typesupport_c: rosidl_typesupport_fastrtps_c;rosidl_typesupport_introspection_c
[0.204s] -- Found rosidl_adapter: 1.3.0 (/opt/ros/foxy/share/rosidl_adapter/cmake)
[0.296s] -- Using all available rosidl_typesupport_cpp: rosidl_typesupport_fastrtps_cpp;rosidl_typesupport_introspection_cpp
[0.328s] -- Found rmw_implementation_cmake: 1.0.4 (/opt/ros/foxy/share/rmw_implementation_cmake/cmake)
[0.329s] -- Using RMW implementation 'rmw_fastrtps_cpp' as default
[0.424s] -- Found sensor_msgs: 2.0.5 (/opt/ros/foxy/share/sensor_msgs/cmake)
[0.511s] -- Found ament_lint_auto: 0.9.8 (/opt/ros/foxy/share/ament_lint_auto/cmake)
[0.556s] -- Added test 'copyright' to check source files copyright and LICENSE
[0.557s] -- Added test 'flake8' to check Python code syntax and style conventions
[0.558s] -- Added test 'lint_cmake' to check CMake code style
[0.558s] -- Added test 'pep257' to check Python code against some of the style conventions in PEP 257
[0.558s] -- Added test 'xmllint' to check XML markup files
[0.561s] -- Configuring done
[0.562s] -- Generating done
[0.564s] -- Build files have been written to: /home/carbon/Documents/interfases_hw1/build/interfaces
[0.568s] Invoked command in '/home/carbon/Documents/interfases_hw1/build/interfaces' returned '0': CMAKE_PREFIX_PATH=${CMAKE_PREFIX_PATH}:/opt/ros/foxy /usr/bin/cmake /home/carbon/Documents/interfases_hw1/src/interfaces -DAMENT_CMAKE_SYMLINK_INSTALL=1 -DCMAKE_INSTALL_PREFIX=/home/carbon/Documents/interfases_hw1/install/interfaces
[0.570s] Invoking command in '/home/carbon/Documents/interfases_hw1/build/interfaces': CMAKE_PREFIX_PATH=${CMAKE_PREFIX_PATH}:/opt/ros/foxy /usr/bin/cmake --build /home/carbon/Documents/interfases_hw1/build/interfaces -- -j8 -l8
[0.598s] Invoked command in '/home/carbon/Documents/interfases_hw1/build/interfaces' returned '0': CMAKE_PREFIX_PATH=${CMAKE_PREFIX_PATH}:/opt/ros/foxy /usr/bin/cmake --build /home/carbon/Documents/interfases_hw1/build/interfaces -- -j8 -l8
[0.625s] Invoking command in '/home/carbon/Documents/interfases_hw1/build/interfaces': CMAKE_PREFIX_PATH=${CMAKE_PREFIX_PATH}:/opt/ros/foxy /usr/bin/cmake --install /home/carbon/Documents/interfases_hw1/build/interfaces
[0.632s] -- Install configuration: ""
[0.632s] -- Execute custom install script
[0.633s] -- Up-to-date symlink: /home/carbon/Documents/interfases_hw1/install/interfaces/share/interfaces/environment/pythonpath.sh
[0.633s] -- Up-to-date symlink: /home/carbon/Documents/interfases_hw1/install/interfaces/share/interfaces/environment/pythonpath.dsv
[0.633s] -- Up-to-date symlink: /home/carbon/Documents/interfases_hw1/install/interfaces/lib/python3.8/site-packages/detector.py
[0.633s] -- Up-to-date symlink: /home/carbon/Documents/interfases_hw1/install/interfaces/lib//detector.py
[0.634s] -- Up-to-date symlink: /home/carbon/Documents/interfases_hw1/install/interfaces/share/ament_index/resource_index/package_run_dependencies/interfaces
[0.634s] -- Up-to-date symlink: /home/carbon/Documents/interfases_hw1/install/interfaces/share/ament_index/resource_index/parent_prefix_path/interfaces
[0.634s] -- Up-to-date symlink: /home/carbon/Documents/interfases_hw1/install/interfaces/share/interfaces/environment/ament_prefix_path.sh
[0.634s] -- Up-to-date symlink: /home/carbon/Documents/interfases_hw1/install/interfaces/share/interfaces/environment/ament_prefix_path.dsv
[0.635s] -- Up-to-date symlink: /home/carbon/Documents/interfases_hw1/install/interfaces/share/interfaces/environment/path.sh
[0.635s] -- Up-to-date symlink: /home/carbon/Documents/interfases_hw1/install/interfaces/share/interfaces/environment/path.dsv
[0.635s] -- Up-to-date symlink: /home/carbon/Documents/interfases_hw1/install/interfaces/share/interfaces/local_setup.bash
[0.635s] -- Up-to-date symlink: /home/carbon/Documents/interfases_hw1/install/interfaces/share/interfaces/local_setup.sh
[0.636s] -- Up-to-date symlink: /home/carbon/Documents/interfases_hw1/install/interfaces/share/interfaces/local_setup.zsh
[0.636s] -- Up-to-date symlink: /home/carbon/Documents/interfases_hw1/install/interfaces/share/interfaces/local_setup.dsv
[0.636s] -- Symlinking: /home/carbon/Documents/interfases_hw1/install/interfaces/share/interfaces/package.dsv
[0.644s] -- Up-to-date symlink: /home/carbon/Documents/interfases_hw1/install/interfaces/share/ament_index/resource_index/packages/interfaces
[0.644s] -- Up-to-date symlink: /home/carbon/Documents/interfases_hw1/install/interfaces/share/interfaces/cmake/interfacesConfig.cmake
[0.644s] -- Up-to-date symlink: /home/carbon/Documents/interfases_hw1/install/interfaces/share/interfaces/cmake/interfacesConfig-version.cmake
[0.645s] -- Up-to-date symlink: /home/carbon/Documents/interfases_hw1/install/interfaces/share/interfaces/package.xml
[0.669s] Compiling '/home/carbon/Documents/interfases_hw1/install/interfaces/lib/python3.8/site-packages/detector.py'...
[0.675s] Invoked command in '/home/carbon/Documents/interfases_hw1/build/interfaces' returned '0': CMAKE_PREFIX_PATH=${CMAKE_PREFIX_PATH}:/opt/ros/foxy /usr/bin/cmake --install /home/carbon/Documents/interfases_hw1/build/interfaces
