[0.018s] Invoking command in '/home/carbon/Documents/interfases_hw1/build/interfases': CMAKE_PREFIX_PATH=${CMAKE_PREFIX_PATH}:/opt/ros/foxy /usr/bin/cmake --build /home/carbon/Documents/interfases_hw1/build/interfases -- -j8 -l8
[0.052s] [35m[1mScanning dependencies of target multiplicador[0m
[0.061s] [ 50%] [32mBuilding CXX object CMakeFiles/multiplicador.dir/src/multiplicador.cpp.o[0m
[0.130s] [100%] [32m[1mLinking CXX shared library libmultiplicador.so[0m
[0.163s] [100%] Built target multiplicador
[0.171s] Invoked command in '/home/carbon/Documents/interfases_hw1/build/interfases' returned '0': CMAKE_PREFIX_PATH=${CMAKE_PREFIX_PATH}:/opt/ros/foxy /usr/bin/cmake --build /home/carbon/Documents/interfases_hw1/build/interfases -- -j8 -l8
[0.200s] Invoking command in '/home/carbon/Documents/interfases_hw1/build/interfases': CMAKE_PREFIX_PATH=${CMAKE_PREFIX_PATH}:/opt/ros/foxy /usr/bin/cmake --install /home/carbon/Documents/interfases_hw1/build/interfases
[0.208s] -- Install configuration: ""
[0.209s] -- Execute custom install script
[0.209s] -- Up-to-date symlink: /home/carbon/Documents/interfases_hw1/install/interfases/share/interfases/environment/library_path.sh
[0.209s] -- Up-to-date symlink: /home/carbon/Documents/interfases_hw1/install/interfases/share/interfases/environment/library_path.dsv
[0.210s] -- Up-to-date symlink: /home/carbon/Documents/interfases_hw1/install/interfases/include/interfases/multiplicador.hpp
[0.210s] -- Up-to-date symlink: /home/carbon/Documents/interfases_hw1/install/interfases/share/interfases/environment/pythonpath.sh
[0.210s] -- Up-to-date symlink: /home/carbon/Documents/interfases_hw1/install/interfases/share/interfases/environment/pythonpath.dsv
[0.211s] -- Up-to-date symlink: /home/carbon/Documents/interfases_hw1/install/interfases/lib/python3.8/site-packages/interfases/__init__.py
[0.211s] -- Up-to-date symlink: /home/carbon/Documents/interfases_hw1/install/interfases/lib/interfases/image.py
[0.211s] -- Up-to-date symlink: /home/carbon/Documents/interfases_hw1/install/interfases/share/ament_index/resource_index/package_run_dependencies/interfases
[0.212s] -- Up-to-date symlink: /home/carbon/Documents/interfases_hw1/install/interfases/share/ament_index/resource_index/parent_prefix_path/interfases
[0.212s] -- Up-to-date symlink: /home/carbon/Documents/interfases_hw1/install/interfases/share/interfases/environment/ament_prefix_path.sh
[0.212s] -- Up-to-date symlink: /home/carbon/Documents/interfases_hw1/install/interfases/share/interfases/environment/ament_prefix_path.dsv
[0.213s] -- Up-to-date symlink: /home/carbon/Documents/interfases_hw1/install/interfases/share/interfases/environment/path.sh
[0.213s] -- Up-to-date symlink: /home/carbon/Documents/interfases_hw1/install/interfases/share/interfases/environment/path.dsv
[0.213s] -- Up-to-date symlink: /home/carbon/Documents/interfases_hw1/install/interfases/share/interfases/local_setup.bash
[0.213s] -- Up-to-date symlink: /home/carbon/Documents/interfases_hw1/install/interfases/share/interfases/local_setup.sh
[0.214s] -- Up-to-date symlink: /home/carbon/Documents/interfases_hw1/install/interfases/share/interfases/local_setup.zsh
[0.214s] -- Up-to-date symlink: /home/carbon/Documents/interfases_hw1/install/interfases/share/interfases/local_setup.dsv
[0.214s] -- Symlinking: /home/carbon/Documents/interfases_hw1/install/interfases/share/interfases/package.dsv
[0.222s] -- Up-to-date symlink: /home/carbon/Documents/interfases_hw1/install/interfases/share/ament_index/resource_index/packages/interfases
[0.222s] -- Up-to-date symlink: /home/carbon/Documents/interfases_hw1/install/interfases/share/interfases/cmake/ament_cmake_export_targets-extras.cmake
[0.223s] -- Up-to-date symlink: /home/carbon/Documents/interfases_hw1/install/interfases/share/interfases/cmake/interfasesConfig.cmake
[0.223s] -- Up-to-date symlink: /home/carbon/Documents/interfases_hw1/install/interfases/share/interfases/cmake/interfasesConfig-version.cmake
[0.223s] -- Up-to-date symlink: /home/carbon/Documents/interfases_hw1/install/interfases/share/interfases/package.xml
[0.224s] -- Installing: /home/carbon/Documents/interfases_hw1/install/interfases/lib/libmultiplicador.so
[0.246s] Listing '/home/carbon/Documents/interfases_hw1/install/interfases/lib/python3.8/site-packages/interfases'...
[0.250s] -- Up-to-date: /home/carbon/Documents/interfases_hw1/install/interfases/share/interfases/cmake/multiplicadorExport.cmake
[0.250s] -- Up-to-date: /home/carbon/Documents/interfases_hw1/install/interfases/share/interfases/cmake/multiplicadorExport-noconfig.cmake
[0.252s] Invoked command in '/home/carbon/Documents/interfases_hw1/build/interfases' returned '0': CMAKE_PREFIX_PATH=${CMAKE_PREFIX_PATH}:/opt/ros/foxy /usr/bin/cmake --install /home/carbon/Documents/interfases_hw1/build/interfases
