[0.020s] Invoking command in '/home/carbon/Documents/interfases_hw1/build/interfases': CMAKE_PREFIX_PATH=${CMAKE_PREFIX_PATH}:/opt/ros/foxy /usr/bin/cmake --build /home/carbon/Documents/interfases_hw1/build/interfases -- -j8 -l8
[0.059s] [35m[1mScanning dependencies of target multiplicador[0m
[0.069s] [ 50%] [32mBuilding CXX object CMakeFiles/multiplicador.dir/src/multiplicador.cpp.o[0m
[0.163s] [100%] [32m[1mLinking CXX shared library libmultiplicador.so[0m
[0.194s] [100%] Built target multiplicador
[0.204s] Invoked command in '/home/carbon/Documents/interfases_hw1/build/interfases' returned '0': CMAKE_PREFIX_PATH=${CMAKE_PREFIX_PATH}:/opt/ros/foxy /usr/bin/cmake --build /home/carbon/Documents/interfases_hw1/build/interfases -- -j8 -l8
[0.240s] Invoking command in '/home/carbon/Documents/interfases_hw1/build/interfases': CMAKE_PREFIX_PATH=${CMAKE_PREFIX_PATH}:/opt/ros/foxy /usr/bin/cmake --install /home/carbon/Documents/interfases_hw1/build/interfases
[0.248s] -- Install configuration: ""
[0.248s] -- Execute custom install script
[0.248s] -- Up-to-date symlink: /home/carbon/Documents/interfases_hw1/install/interfases/share/interfases/environment/library_path.sh
[0.249s] -- Up-to-date symlink: /home/carbon/Documents/interfases_hw1/install/interfases/share/interfases/environment/library_path.dsv
[0.249s] -- Up-to-date symlink: /home/carbon/Documents/interfases_hw1/install/interfases/include/interfases/multiplicador.hpp
[0.250s] -- Up-to-date symlink: /home/carbon/Documents/interfases_hw1/install/interfases/share/interfases/environment/pythonpath.sh
[0.250s] -- Up-to-date symlink: /home/carbon/Documents/interfases_hw1/install/interfases/share/interfases/environment/pythonpath.dsv
[0.251s] -- Up-to-date symlink: /home/carbon/Documents/interfases_hw1/install/interfases/lib/python3.8/site-packages/interfases/__init__.py
[0.251s] -- Up-to-date symlink: /home/carbon/Documents/interfases_hw1/install/interfases/lib/interfases/image.py
[0.251s] -- Up-to-date symlink: /home/carbon/Documents/interfases_hw1/install/interfases/share/ament_index/resource_index/package_run_dependencies/interfases
[0.252s] -- Up-to-date symlink: /home/carbon/Documents/interfases_hw1/install/interfases/share/ament_index/resource_index/parent_prefix_path/interfases
[0.252s] -- Up-to-date symlink: /home/carbon/Documents/interfases_hw1/install/interfases/share/interfases/environment/ament_prefix_path.sh
[0.253s] -- Up-to-date symlink: /home/carbon/Documents/interfases_hw1/install/interfases/share/interfases/environment/ament_prefix_path.dsv
[0.253s] -- Up-to-date symlink: /home/carbon/Documents/interfases_hw1/install/interfases/share/interfases/environment/path.sh
[0.253s] -- Up-to-date symlink: /home/carbon/Documents/interfases_hw1/install/interfases/share/interfases/environment/path.dsv
[0.254s] -- Up-to-date symlink: /home/carbon/Documents/interfases_hw1/install/interfases/share/interfases/local_setup.bash
[0.254s] -- Up-to-date symlink: /home/carbon/Documents/interfases_hw1/install/interfases/share/interfases/local_setup.sh
[0.254s] -- Up-to-date symlink: /home/carbon/Documents/interfases_hw1/install/interfases/share/interfases/local_setup.zsh
[0.255s] -- Up-to-date symlink: /home/carbon/Documents/interfases_hw1/install/interfases/share/interfases/local_setup.dsv
[0.255s] -- Symlinking: /home/carbon/Documents/interfases_hw1/install/interfases/share/interfases/package.dsv
[0.264s] -- Up-to-date symlink: /home/carbon/Documents/interfases_hw1/install/interfases/share/ament_index/resource_index/packages/interfases
[0.264s] -- Up-to-date symlink: /home/carbon/Documents/interfases_hw1/install/interfases/share/interfases/cmake/ament_cmake_export_targets-extras.cmake
[0.264s] -- Up-to-date symlink: /home/carbon/Documents/interfases_hw1/install/interfases/share/interfases/cmake/interfasesConfig.cmake
[0.265s] -- Up-to-date symlink: /home/carbon/Documents/interfases_hw1/install/interfases/share/interfases/cmake/interfasesConfig-version.cmake
[0.265s] -- Up-to-date symlink: /home/carbon/Documents/interfases_hw1/install/interfases/share/interfases/package.xml
[0.265s] -- Installing: /home/carbon/Documents/interfases_hw1/install/interfases/lib/libmultiplicador.so
[0.289s] Listing '/home/carbon/Documents/interfases_hw1/install/interfases/lib/python3.8/site-packages/interfases'...
[0.292s] -- Up-to-date: /home/carbon/Documents/interfases_hw1/install/interfases/share/interfases/cmake/multiplicadorExport.cmake
[0.293s] -- Up-to-date: /home/carbon/Documents/interfases_hw1/install/interfases/share/interfases/cmake/multiplicadorExport-noconfig.cmake
[0.295s] Invoked command in '/home/carbon/Documents/interfases_hw1/build/interfases' returned '0': CMAKE_PREFIX_PATH=${CMAKE_PREFIX_PATH}:/opt/ros/foxy /usr/bin/cmake --install /home/carbon/Documents/interfases_hw1/build/interfases
