[0.011s] Invoking command in '/home/carbon/Documents/interfases_hw1/build/interfases': /usr/bin/cmake /home/carbon/Documents/interfases_hw1/src/interfases -DCMAKE_INSTALL_PREFIX=/home/carbon/Documents/interfases_hw1/install/interfases
[0.022s] -- Found ament_cmake: 0.9.11 (/opt/ros/foxy/share/ament_cmake/cmake)
[0.039s] -- Using PYTHON_EXECUTABLE: /usr/bin/python3
[0.152s] -- Override CMake install command with custom implementation using symlinks instead of copying resources
[0.160s] -- Found rclcpp: 2.4.2 (/opt/ros/foxy/share/rclcpp/cmake)
[0.198s] -- Using all available rosidl_typesupport_c: rosidl_typesupport_fastrtps_c;rosidl_typesupport_introspection_c
[0.202s] -- Found rosidl_adapter: 1.3.0 (/opt/ros/foxy/share/rosidl_adapter/cmake)
[0.292s] -- Using all available rosidl_typesupport_cpp: rosidl_typesupport_fastrtps_cpp;rosidl_typesupport_introspection_cpp
[0.326s] -- Found rmw_implementation_cmake: 1.0.4 (/opt/ros/foxy/share/rmw_implementation_cmake/cmake)
[0.327s] -- Using RMW implementation 'rmw_fastrtps_cpp' as default
[0.426s] -- Found rclpy: 1.0.12 (/opt/ros/foxy/share/rclpy/cmake)
[0.439s] CMake Error at CMakeLists.txt:25 (find_package):
[0.439s]   By not providing "FindgRPC.cmake" in CMAKE_MODULE_PATH this project has
[0.439s]   asked CMake to find a package configuration file provided by "gRPC", but
[0.440s]   CMake did not find one.
[0.440s] 
[0.440s]   Could not find a package configuration file provided by "gRPC" with any of
[0.440s]   the following names:
[0.440s] 
[0.440s]     gRPCConfig.cmake
[0.440s]     grpc-config.cmake
[0.440s] 
[0.440s]   Add the installation prefix of "gRPC" to CMAKE_PREFIX_PATH or set
[0.440s]   "gRPC_DIR" to a directory containing one of the above files.  If "gRPC"
[0.440s]   provides a separate development package or SDK, be sure it has been
[0.440s]   installed.
[0.441s] 
[0.441s] 
[0.441s] -- Configuring incomplete, errors occurred!
[0.441s] See also "/home/carbon/Documents/interfases_hw1/build/interfases/CMakeFiles/CMakeOutput.log".
[0.441s] See also "/home/carbon/Documents/interfases_hw1/build/interfases/CMakeFiles/CMakeError.log".
[0.445s] Invoked command in '/home/carbon/Documents/interfases_hw1/build/interfases' returned '1': /usr/bin/cmake /home/carbon/Documents/interfases_hw1/src/interfases -DCMAKE_INSTALL_PREFIX=/home/carbon/Documents/interfases_hw1/install/interfases
