[0.017s] Invoking command in '/home/carbon/Documents/interfases_hw1/build/interfases': CMAKE_PREFIX_PATH=/opt/ros/foxy /usr/bin/cmake --build /home/carbon/Documents/interfases_hw1/build/interfases -- -j8 -l8
[0.037s] -- Found ament_cmake: 0.9.11 (/opt/ros/foxy/share/ament_cmake/cmake)
[0.053s] -- Using PYTHON_EXECUTABLE: /usr/bin/python3
[0.166s] -- Override CMake install command with custom implementation using symlinks instead of copying resources
[0.171s] -- Found rclcpp: 2.4.2 (/opt/ros/foxy/share/rclcpp/cmake)
[0.193s] -- Using all available rosidl_typesupport_c: rosidl_typesupport_fastrtps_c;rosidl_typesupport_introspection_c
[0.195s] -- Found rosidl_adapter: 1.3.0 (/opt/ros/foxy/share/rosidl_adapter/cmake)
[0.279s] -- Using all available rosidl_typesupport_cpp: rosidl_typesupport_fastrtps_cpp;rosidl_typesupport_introspection_cpp
[0.311s] -- Found rmw_implementation_cmake: 1.0.4 (/opt/ros/foxy/share/rmw_implementation_cmake/cmake)
[0.312s] -- Using RMW implementation 'rmw_fastrtps_cpp' as default
[0.406s] -- Found rclpy: 1.0.12 (/opt/ros/foxy/share/rclpy/cmake)
[0.415s] -- Found ament_lint_auto: 0.9.8 (/opt/ros/foxy/share/ament_lint_auto/cmake)
[0.459s] -- Added test 'copyright' to check source files copyright and LICENSE
[0.460s] -- Added test 'cppcheck' to perform static code analysis on C / C++ code
[0.460s] -- Configured cppcheck include dirs: /home/carbon/Documents/interfases_hw1/src/interfases/include/interfases
[0.460s] -- Configured cppcheck exclude dirs and/or files: 
[0.460s] -- Added test 'cpplint' to check C / C++ code against the Google style
[0.460s] -- Configured cpplint exclude dirs and/or files: 
[0.461s] -- Added test 'flake8' to check Python code syntax and style conventions
[0.461s] -- Added test 'lint_cmake' to check CMake code style
[0.461s] -- Added test 'pep257' to check Python code against some of the style conventions in PEP 257
[0.462s] -- Added test 'uncrustify' to check C / C++ code style
[0.462s] -- Configured uncrustify additional arguments: 
[0.462s] -- Added test 'xmllint' to check XML markup files
[0.464s] -- Configuring done
[0.468s] -- Generating done
[0.468s] -- Build files have been written to: /home/carbon/Documents/interfases_hw1/build/interfases
[0.497s] [100%] Built target multiplicador
[0.505s] Invoked command in '/home/carbon/Documents/interfases_hw1/build/interfases' returned '0': CMAKE_PREFIX_PATH=/opt/ros/foxy /usr/bin/cmake --build /home/carbon/Documents/interfases_hw1/build/interfases -- -j8 -l8
[0.534s] Invoking command in '/home/carbon/Documents/interfases_hw1/build/interfases': CMAKE_PREFIX_PATH=/opt/ros/foxy /usr/bin/cmake --install /home/carbon/Documents/interfases_hw1/build/interfases
[0.540s] -- Install configuration: ""
[0.540s] -- Execute custom install script
[0.541s] -- Up-to-date symlink: /home/carbon/Documents/interfases_hw1/install/interfases/share/interfases/environment/library_path.sh
[0.541s] -- Up-to-date symlink: /home/carbon/Documents/interfases_hw1/install/interfases/share/interfases/environment/library_path.dsv
[0.541s] -- Up-to-date symlink: /home/carbon/Documents/interfases_hw1/install/interfases/include/interfases/multiplicador.hpp
[0.541s] -- Up-to-date symlink: /home/carbon/Documents/interfases_hw1/install/interfases/share/interfases/environment/pythonpath.sh
[0.542s] -- Up-to-date symlink: /home/carbon/Documents/interfases_hw1/install/interfases/share/interfases/environment/pythonpath.dsv
[0.542s] -- Up-to-date symlink: /home/carbon/Documents/interfases_hw1/install/interfases/lib/python3.8/site-packages/interfases/__init__.py
[0.542s] -- Up-to-date symlink: /home/carbon/Documents/interfases_hw1/install/interfases/lib/interfases/image.py
[0.542s] -- Up-to-date symlink: /home/carbon/Documents/interfases_hw1/install/interfases/share/ament_index/resource_index/package_run_dependencies/interfases
[0.543s] -- Up-to-date symlink: /home/carbon/Documents/interfases_hw1/install/interfases/share/ament_index/resource_index/parent_prefix_path/interfases
[0.543s] -- Up-to-date symlink: /home/carbon/Documents/interfases_hw1/install/interfases/share/interfases/environment/ament_prefix_path.sh
[0.543s] -- Up-to-date symlink: /home/carbon/Documents/interfases_hw1/install/interfases/share/interfases/environment/ament_prefix_path.dsv
[0.543s] -- Up-to-date symlink: /home/carbon/Documents/interfases_hw1/install/interfases/share/interfases/environment/path.sh
[0.543s] -- Up-to-date symlink: /home/carbon/Documents/interfases_hw1/install/interfases/share/interfases/environment/path.dsv
[0.543s] -- Up-to-date symlink: /home/carbon/Documents/interfases_hw1/install/interfases/share/interfases/local_setup.bash
[0.544s] -- Up-to-date symlink: /home/carbon/Documents/interfases_hw1/install/interfases/share/interfases/local_setup.sh
[0.544s] -- Up-to-date symlink: /home/carbon/Documents/interfases_hw1/install/interfases/share/interfases/local_setup.zsh
[0.544s] -- Up-to-date symlink: /home/carbon/Documents/interfases_hw1/install/interfases/share/interfases/local_setup.dsv
[0.544s] -- Symlinking: /home/carbon/Documents/interfases_hw1/install/interfases/share/interfases/package.dsv
[0.552s] -- Up-to-date symlink: /home/carbon/Documents/interfases_hw1/install/interfases/share/ament_index/resource_index/packages/interfases
[0.552s] -- Up-to-date symlink: /home/carbon/Documents/interfases_hw1/install/interfases/share/interfases/cmake/ament_cmake_export_targets-extras.cmake
[0.552s] -- Up-to-date symlink: /home/carbon/Documents/interfases_hw1/install/interfases/share/interfases/cmake/interfasesConfig.cmake
[0.552s] -- Up-to-date symlink: /home/carbon/Documents/interfases_hw1/install/interfases/share/interfases/cmake/interfasesConfig-version.cmake
[0.552s] -- Up-to-date symlink: /home/carbon/Documents/interfases_hw1/install/interfases/share/interfases/package.xml
[0.552s] -- Up-to-date: /home/carbon/Documents/interfases_hw1/install/interfases/lib/libmultiplicador.so
[0.572s] Listing '/home/carbon/Documents/interfases_hw1/install/interfases/lib/python3.8/site-packages/interfases'...
[0.575s] -- Up-to-date: /home/carbon/Documents/interfases_hw1/install/interfases/share/interfases/cmake/multiplicadorExport.cmake
[0.575s] -- Installing: /home/carbon/Documents/interfases_hw1/install/interfases/share/interfases/cmake/multiplicadorExport-noconfig.cmake
[0.577s] Invoked command in '/home/carbon/Documents/interfases_hw1/build/interfases' returned '0': CMAKE_PREFIX_PATH=/opt/ros/foxy /usr/bin/cmake --install /home/carbon/Documents/interfases_hw1/build/interfases
