-- Found ament_cmake: 0.9.11 (/opt/ros/foxy/share/ament_cmake/cmake)
-- Using PYTHON_EXECUTABLE: /usr/bin/python3
-- Override CMake install command with custom implementation using symlinks instead of copying resources
-- Found rclcpp: 2.4.2 (/opt/ros/foxy/share/rclcpp/cmake)
-- Using all available rosidl_typesupport_c: rosidl_typesupport_fastrtps_c;rosidl_typesupport_introspection_c
-- Found rosidl_adapter: 1.3.0 (/opt/ros/foxy/share/rosidl_adapter/cmake)
-- Using all available rosidl_typesupport_cpp: rosidl_typesupport_fastrtps_cpp;rosidl_typesupport_introspection_cpp
-- Found rmw_implementation_cmake: 1.0.4 (/opt/ros/foxy/share/rmw_implementation_cmake/cmake)
-- Using RMW implementation 'rmw_fastrtps_cpp' as default
-- Found sensor_msgs: 2.0.5 (/opt/ros/foxy/share/sensor_msgs/cmake)
-- Found ament_lint_auto: 0.9.8 (/opt/ros/foxy/share/ament_lint_auto/cmake)
-- Added test 'copyright' to check source files copyright and LICENSE
-- Added test 'flake8' to check Python code syntax and style conventions
-- Added test 'lint_cmake' to check CMake code style
-- Added test 'pep257' to check Python code against some of the style conventions in PEP 257
-- Added test 'xmllint' to check XML markup files
-- Configuring done
-- Generating done
-- Build files have been written to: /home/carbon/Documents/interfases_hw1/build/interfaces
-- Install configuration: ""
-- Execute custom install script
-- Up-to-date symlink: /home/carbon/Documents/interfases_hw1/install/interfaces/share/interfaces/environment/pythonpath.sh
-- Up-to-date symlink: /home/carbon/Documents/interfases_hw1/install/interfaces/share/interfaces/environment/pythonpath.dsv
-- Up-to-date symlink: /home/carbon/Documents/interfases_hw1/install/interfaces/lib/python3.8/site-packages/detector.py
-- Up-to-date symlink: /home/carbon/Documents/interfases_hw1/install/interfaces/lib//detector.py
-- Up-to-date symlink: /home/carbon/Documents/interfases_hw1/install/interfaces/share/ament_index/resource_index/package_run_dependencies/interfaces
-- Up-to-date symlink: /home/carbon/Documents/interfases_hw1/install/interfaces/share/ament_index/resource_index/parent_prefix_path/interfaces
-- Up-to-date symlink: /home/carbon/Documents/interfases_hw1/install/interfaces/share/interfaces/environment/ament_prefix_path.sh
-- Up-to-date symlink: /home/carbon/Documents/interfases_hw1/install/interfaces/share/interfaces/environment/ament_prefix_path.dsv
-- Up-to-date symlink: /home/carbon/Documents/interfases_hw1/install/interfaces/share/interfaces/environment/path.sh
-- Up-to-date symlink: /home/carbon/Documents/interfases_hw1/install/interfaces/share/interfaces/environment/path.dsv
-- Up-to-date symlink: /home/carbon/Documents/interfases_hw1/install/interfaces/share/interfaces/local_setup.bash
-- Up-to-date symlink: /home/carbon/Documents/interfases_hw1/install/interfaces/share/interfaces/local_setup.sh
-- Up-to-date symlink: /home/carbon/Documents/interfases_hw1/install/interfaces/share/interfaces/local_setup.zsh
-- Up-to-date symlink: /home/carbon/Documents/interfases_hw1/install/interfaces/share/interfaces/local_setup.dsv
-- Symlinking: /home/carbon/Documents/interfases_hw1/install/interfaces/share/interfaces/package.dsv
-- Up-to-date symlink: /home/carbon/Documents/interfases_hw1/install/interfaces/share/ament_index/resource_index/packages/interfaces
-- Up-to-date symlink: /home/carbon/Documents/interfases_hw1/install/interfaces/share/interfaces/cmake/interfacesConfig.cmake
-- Up-to-date symlink: /home/carbon/Documents/interfases_hw1/install/interfaces/share/interfaces/cmake/interfacesConfig-version.cmake
-- Up-to-date symlink: /home/carbon/Documents/interfases_hw1/install/interfaces/share/interfaces/package.xml
