[0.015s] Invoking command in '/home/carbon/Documents/interfases_hw1/build/interfaces': CMAKE_PREFIX_PATH=${CMAKE_PREFIX_PATH}:/opt/ros/foxy /usr/bin/cmake /home/carbon/Documents/interfases_hw1/src/interfaces -DCMAKE_INSTALL_PREFIX=/home/carbon/Documents/interfases_hw1/install/interfaces
[0.027s] -- Found ament_cmake: 0.9.11 (/opt/ros/foxy/share/ament_cmake/cmake)
[0.048s] -- Using PYTHON_EXECUTABLE: /usr/bin/python3
[0.196s] -- Override CMake install command with custom implementation using symlinks instead of copying resources
[0.201s] -- Found rclcpp: 2.4.2 (/opt/ros/foxy/share/rclcpp/cmake)
[0.229s] -- Using all available rosidl_typesupport_c: rosidl_typesupport_fastrtps_c;rosidl_typesupport_introspection_c
[0.232s] -- Found rosidl_adapter: 1.3.0 (/opt/ros/foxy/share/rosidl_adapter/cmake)
[0.317s] -- Using all available rosidl_typesupport_cpp: rosidl_typesupport_fastrtps_cpp;rosidl_typesupport_introspection_cpp
[0.350s] -- Found rmw_implementation_cmake: 1.0.4 (/opt/ros/foxy/share/rmw_implementation_cmake/cmake)
[0.351s] -- Using RMW implementation 'rmw_fastrtps_cpp' as default
[0.449s] -- Found sensor_msgs: 2.0.5 (/opt/ros/foxy/share/sensor_msgs/cmake)
[0.536s] -- Found ament_lint_auto: 0.9.8 (/opt/ros/foxy/share/ament_lint_auto/cmake)
[0.580s] -- Added test 'copyright' to check source files copyright and LICENSE
[0.581s] -- Added test 'flake8' to check Python code syntax and style conventions
[0.581s] -- Added test 'lint_cmake' to check CMake code style
[0.582s] -- Added test 'pep257' to check Python code against some of the style conventions in PEP 257
[0.583s] -- Added test 'xmllint' to check XML markup files
[0.585s] -- Configuring done
[0.587s] -- Generating done
[0.589s] -- Build files have been written to: /home/carbon/Documents/interfases_hw1/build/interfaces
[0.595s] Invoked command in '/home/carbon/Documents/interfases_hw1/build/interfaces' returned '0': CMAKE_PREFIX_PATH=${CMAKE_PREFIX_PATH}:/opt/ros/foxy /usr/bin/cmake /home/carbon/Documents/interfases_hw1/src/interfaces -DCMAKE_INSTALL_PREFIX=/home/carbon/Documents/interfases_hw1/install/interfaces
[0.598s] Invoking command in '/home/carbon/Documents/interfases_hw1/build/interfaces': CMAKE_PREFIX_PATH=${CMAKE_PREFIX_PATH}:/opt/ros/foxy /usr/bin/cmake --build /home/carbon/Documents/interfases_hw1/build/interfaces -- -j8 -l8
[0.632s] Invoked command in '/home/carbon/Documents/interfases_hw1/build/interfaces' returned '0': CMAKE_PREFIX_PATH=${CMAKE_PREFIX_PATH}:/opt/ros/foxy /usr/bin/cmake --build /home/carbon/Documents/interfases_hw1/build/interfaces -- -j8 -l8
[0.660s] Invoking command in '/home/carbon/Documents/interfases_hw1/build/interfaces': CMAKE_PREFIX_PATH=${CMAKE_PREFIX_PATH}:/opt/ros/foxy /usr/bin/cmake --install /home/carbon/Documents/interfases_hw1/build/interfaces
[0.668s] -- Install configuration: ""
[0.668s] -- Execute custom install script
[0.668s] -- Up-to-date symlink: /home/carbon/Documents/interfases_hw1/install/interfaces/share/interfaces/environment/pythonpath.sh
[0.669s] -- Up-to-date symlink: /home/carbon/Documents/interfases_hw1/install/interfaces/share/interfaces/environment/pythonpath.dsv
[0.669s] -- Up-to-date symlink: /home/carbon/Documents/interfases_hw1/install/interfaces/lib/python3.8/site-packages/detector.py
[0.669s] -- Up-to-date symlink: /home/carbon/Documents/interfases_hw1/install/interfaces/lib//detector.py
[0.670s] -- Up-to-date symlink: /home/carbon/Documents/interfases_hw1/install/interfaces/share/ament_index/resource_index/package_run_dependencies/interfaces
[0.670s] -- Up-to-date symlink: /home/carbon/Documents/interfases_hw1/install/interfaces/share/ament_index/resource_index/parent_prefix_path/interfaces
[0.670s] -- Up-to-date symlink: /home/carbon/Documents/interfases_hw1/install/interfaces/share/interfaces/environment/ament_prefix_path.sh
[0.671s] -- Up-to-date symlink: /home/carbon/Documents/interfases_hw1/install/interfaces/share/interfaces/environment/ament_prefix_path.dsv
[0.671s] -- Up-to-date symlink: /home/carbon/Documents/interfases_hw1/install/interfaces/share/interfaces/environment/path.sh
[0.671s] -- Up-to-date symlink: /home/carbon/Documents/interfases_hw1/install/interfaces/share/interfaces/environment/path.dsv
[0.672s] -- Up-to-date symlink: /home/carbon/Documents/interfases_hw1/install/interfaces/share/interfaces/local_setup.bash
[0.672s] -- Up-to-date symlink: /home/carbon/Documents/interfases_hw1/install/interfaces/share/interfaces/local_setup.sh
[0.672s] -- Up-to-date symlink: /home/carbon/Documents/interfases_hw1/install/interfaces/share/interfaces/local_setup.zsh
[0.673s] -- Up-to-date symlink: /home/carbon/Documents/interfases_hw1/install/interfaces/share/interfaces/local_setup.dsv
[0.673s] -- Symlinking: /home/carbon/Documents/interfases_hw1/install/interfaces/share/interfaces/package.dsv
[0.681s] -- Up-to-date symlink: /home/carbon/Documents/interfases_hw1/install/interfaces/share/ament_index/resource_index/packages/interfaces
[0.681s] -- Up-to-date symlink: /home/carbon/Documents/interfases_hw1/install/interfaces/share/interfaces/cmake/interfacesConfig.cmake
[0.681s] -- Up-to-date symlink: /home/carbon/Documents/interfases_hw1/install/interfaces/share/interfaces/cmake/interfacesConfig-version.cmake
[0.681s] -- Up-to-date symlink: /home/carbon/Documents/interfases_hw1/install/interfaces/share/interfaces/package.xml
[0.712s] Invoked command in '/home/carbon/Documents/interfases_hw1/build/interfaces' returned '0': CMAKE_PREFIX_PATH=${CMAKE_PREFIX_PATH}:/opt/ros/foxy /usr/bin/cmake --install /home/carbon/Documents/interfases_hw1/build/interfaces
