[0.018s] Invoking command in '/home/carbon/Documents/interfases_hw1/build/interfaces': CMAKE_PREFIX_PATH=${CMAKE_PREFIX_PATH}:/opt/ros/foxy /usr/bin/cmake --build /home/carbon/Documents/interfases_hw1/build/interfaces -- -j8 -l8
[0.041s] -- Found ament_cmake: 0.9.11 (/opt/ros/foxy/share/ament_cmake/cmake)
[0.060s] -- Using PYTHON_EXECUTABLE: /usr/bin/python3
[0.186s] -- Found rclcpp: 2.4.2 (/opt/ros/foxy/share/rclcpp/cmake)
[0.213s] -- Using all available rosidl_typesupport_c: rosidl_typesupport_fastrtps_c;rosidl_typesupport_introspection_c
[0.216s] -- Found rosidl_adapter: 1.3.0 (/opt/ros/foxy/share/rosidl_adapter/cmake)
[0.298s] -- Using all available rosidl_typesupport_cpp: rosidl_typesupport_fastrtps_cpp;rosidl_typesupport_introspection_cpp
[0.331s] -- Found rmw_implementation_cmake: 1.0.4 (/opt/ros/foxy/share/rmw_implementation_cmake/cmake)
[0.332s] -- Using RMW implementation 'rmw_fastrtps_cpp' as default
[0.426s] -- Found sensor_msgs: 2.0.5 (/opt/ros/foxy/share/sensor_msgs/cmake)
[0.508s] CMake Error at /opt/ros/foxy/share/ament_cmake_python/cmake/ament_python_install_module.cmake:42 (message):
[0.508s]   ament_python_install_module() the Python module file
[0.508s]   '/python_scripts/detector.py' doesn't exist
[0.508s] Call Stack (most recent call first):
[0.508s]   /opt/ros/foxy/share/ament_cmake_python/cmake/ament_python_install_module.cmake:28 (_ament_cmake_python_install_module)
[0.508s]   CMakeLists.txt:29 (ament_python_install_module)
[0.508s] 
[0.508s] 
[0.509s] -- Configuring incomplete, errors occurred!
[0.510s] See also "/home/carbon/Documents/interfases_hw1/build/interfaces/CMakeFiles/CMakeOutput.log".
[0.510s] See also "/home/carbon/Documents/interfases_hw1/build/interfaces/CMakeFiles/CMakeError.log".
[0.515s] make: *** [Makefile:222: cmake_check_build_system] Error 1
[0.518s] Invoked command in '/home/carbon/Documents/interfases_hw1/build/interfaces' returned '2': CMAKE_PREFIX_PATH=${CMAKE_PREFIX_PATH}:/opt/ros/foxy /usr/bin/cmake --build /home/carbon/Documents/interfases_hw1/build/interfaces -- -j8 -l8
