[0.010s] Invoking command in '/home/carbon/Documents/interfases_hw1/build/interfaces': CMAKE_PREFIX_PATH=/opt/ros/foxy /usr/bin/cmake /home/carbon/Documents/interfases_hw1/src/interfaces -DCMAKE_INSTALL_PREFIX=/home/carbon/Documents/interfases_hw1/install/interfaces
[0.131s] -- The C compiler identification is GNU 9.4.0
[0.190s] -- The CXX compiler identification is GNU 9.4.0
[0.195s] -- Check for working C compiler: /usr/bin/cc
[0.252s] -- Check for working C compiler: /usr/bin/cc -- works
[0.253s] -- Detecting C compiler ABI info
[0.309s] -- Detecting C compiler ABI info - done
[0.316s] -- Detecting C compile features
[0.317s] -- Detecting C compile features - done
[0.319s] -- Check for working CXX compiler: /usr/bin/c++
[0.382s] -- Check for working CXX compiler: /usr/bin/c++ -- works
[0.383s] -- Detecting CXX compiler ABI info
[0.449s] -- Detecting CXX compiler ABI info - done
[0.460s] -- Detecting CXX compile features
[0.460s] -- Detecting CXX compile features - done
[0.462s] -- Found ament_cmake: 0.9.11 (/opt/ros/foxy/share/ament_cmake/cmake)
[0.483s] -- Found PythonInterp: /usr/bin/python3 (found suitable version "3.8.10", minimum required is "3") 
[0.483s] -- Using PYTHON_EXECUTABLE: /usr/bin/python3
[0.630s] -- Found rclcpp: 2.4.2 (/opt/ros/foxy/share/rclcpp/cmake)
[0.664s] -- Using all available rosidl_typesupport_c: rosidl_typesupport_fastrtps_c;rosidl_typesupport_introspection_c
[0.669s] -- Found rosidl_adapter: 1.3.0 (/opt/ros/foxy/share/rosidl_adapter/cmake)
[0.724s] -- Found OpenSSL: /usr/lib/x86_64-linux-gnu/libcrypto.so (found version "1.1.1f")  
[0.746s] -- Found FastRTPS: /opt/ros/foxy/include  
[0.803s] -- Using all available rosidl_typesupport_cpp: rosidl_typesupport_fastrtps_cpp;rosidl_typesupport_introspection_cpp
[0.850s] -- Found rmw_implementation_cmake: 1.0.4 (/opt/ros/foxy/share/rmw_implementation_cmake/cmake)
[0.852s] -- Using RMW implementation 'rmw_fastrtps_cpp' as default
[0.853s] -- Looking for pthread.h
[0.918s] -- Looking for pthread.h - found
[0.918s] -- Performing Test CMAKE_HAVE_LIBC_PTHREAD
[0.980s] -- Performing Test CMAKE_HAVE_LIBC_PTHREAD - Failed
[0.980s] -- Looking for pthread_create in pthreads
[1.029s] -- Looking for pthread_create in pthreads - not found
[1.029s] -- Looking for pthread_create in pthread
[1.083s] -- Looking for pthread_create in pthread - found
[1.084s] -- Found Threads: TRUE  
[1.225s] CMake Error at CMakeLists.txt:21 (find_package):
[1.226s]   By not providing "Findopencv2.cmake" in CMAKE_MODULE_PATH this project has
[1.226s]   asked CMake to find a package configuration file provided by "opencv2", but
[1.226s]   CMake did not find one.
[1.226s] 
[1.226s]   Could not find a package configuration file provided by "opencv2" with any
[1.226s]   of the following names:
[1.226s] 
[1.226s]     opencv2Config.cmake
[1.226s]     opencv2-config.cmake
[1.226s] 
[1.226s]   Add the installation prefix of "opencv2" to CMAKE_PREFIX_PATH or set
[1.226s]   "opencv2_DIR" to a directory containing one of the above files.  If
[1.227s]   "opencv2" provides a separate development package or SDK, be sure it has
[1.227s]   been installed.
[1.227s] 
[1.227s] 
[1.227s] -- Configuring incomplete, errors occurred!
[1.227s] See also "/home/carbon/Documents/interfases_hw1/build/interfaces/CMakeFiles/CMakeOutput.log".
[1.227s] See also "/home/carbon/Documents/interfases_hw1/build/interfaces/CMakeFiles/CMakeError.log".
[1.233s] Invoked command in '/home/carbon/Documents/interfases_hw1/build/interfaces' returned '1': CMAKE_PREFIX_PATH=/opt/ros/foxy /usr/bin/cmake /home/carbon/Documents/interfases_hw1/src/interfaces -DCMAKE_INSTALL_PREFIX=/home/carbon/Documents/interfases_hw1/install/interfaces
