[0.017s] Invoking command in '/home/carbon/Documents/interfases_hw1/build/interfases': CMAKE_PREFIX_PATH=${CMAKE_PREFIX_PATH}:/opt/ros/foxy /usr/bin/cmake --build /home/carbon/Documents/interfases_hw1/build/interfases -- -j8 -l8
[0.042s] -- Found ament_cmake: 0.9.11 (/opt/ros/foxy/share/ament_cmake/cmake)
[0.061s] -- Using PYTHON_EXECUTABLE: /usr/bin/python3
[0.182s] -- Override CMake install command with custom implementation using symlinks instead of copying resources
[0.188s] -- Found rclcpp: 2.4.2 (/opt/ros/foxy/share/rclcpp/cmake)
[0.215s] -- Using all available rosidl_typesupport_c: rosidl_typesupport_fastrtps_c;rosidl_typesupport_introspection_c
[0.218s] -- Found rosidl_adapter: 1.3.0 (/opt/ros/foxy/share/rosidl_adapter/cmake)
[0.310s] -- Using all available rosidl_typesupport_cpp: rosidl_typesupport_fastrtps_cpp;rosidl_typesupport_introspection_cpp
[0.347s] -- Found rmw_implementation_cmake: 1.0.4 (/opt/ros/foxy/share/rmw_implementation_cmake/cmake)
[0.348s] -- Using RMW implementation 'rmw_fastrtps_cpp' as default
[0.454s] -- Found rclpy: 1.0.12 (/opt/ros/foxy/share/rclpy/cmake)
[0.457s] -- Found ament_lint_auto: 0.9.8 (/opt/ros/foxy/share/ament_lint_auto/cmake)
[0.511s] -- Added test 'copyright' to check source files copyright and LICENSE
[0.512s] -- Added test 'cppcheck' to perform static code analysis on C / C++ code
[0.512s] -- Configured cppcheck include dirs: /home/carbon/Documents/interfases_hw1/src/interfases/include
[0.513s] -- Configured cppcheck exclude dirs and/or files: 
[0.513s] -- Added test 'cpplint' to check C / C++ code against the Google style
[0.514s] -- Configured cpplint exclude dirs and/or files: 
[0.514s] -- Added test 'flake8' to check Python code syntax and style conventions
[0.514s] -- Added test 'lint_cmake' to check CMake code style
[0.515s] -- Added test 'pep257' to check Python code against some of the style conventions in PEP 257
[0.516s] -- Added test 'uncrustify' to check C / C++ code style
[0.516s] -- Configured uncrustify additional arguments: 
[0.516s] -- Added test 'xmllint' to check XML markup files
[0.519s] -- Configuring done
[0.520s] CMake Error at CMakeLists.txt:31 (add_library):
[0.520s]   Cannot find source file:
[0.520s] 
[0.520s]     kjh/src/multiplicador.cpp
[0.520s] 
[0.520s]   Tried extensions .c .C .c++ .cc .cpp .cxx .cu .m .M .mm .h .hh .h++ .hm
[0.520s]   .hpp .hxx .in .txx
[0.521s] 
[0.521s] 
[0.521s] CMake Error at CMakeLists.txt:31 (add_library):
[0.521s]   No SOURCES given to target: multiplicador
[0.521s] 
[0.521s] 
[0.521s] CMake Generate step failed.  Build files cannot be regenerated correctly.
[0.525s] make: *** [Makefile:266: cmake_check_build_system] Error 1
[0.527s] Invoked command in '/home/carbon/Documents/interfases_hw1/build/interfases' returned '2': CMAKE_PREFIX_PATH=${CMAKE_PREFIX_PATH}:/opt/ros/foxy /usr/bin/cmake --build /home/carbon/Documents/interfases_hw1/build/interfases -- -j8 -l8
