-- Install configuration: ""
-- Execute custom install script
-- Up-to-date symlink: /home/carbon/Documents/interfases_hw1/install/interfaces/share/interfaces/environment/pythonpath.sh
-- Up-to-date symlink: /home/carbon/Documents/interfases_hw1/install/interfaces/share/interfaces/environment/pythonpath.dsv
-- Up-to-date symlink: /home/carbon/Documents/interfases_hw1/install/interfaces/lib/python3.8/site-packages/detector.py
-- Up-to-date symlink: /home/carbon/Documents/interfases_hw1/install/interfaces/lib//detector.py
-- Up-to-date symlink: /home/carbon/Documents/interfases_hw1/install/interfaces/share/ament_index/resource_index/package_run_dependencies/interfaces
-- Up-to-date symlink: /home/carbon/Documents/interfases_hw1/install/interfaces/share/ament_index/resource_index/parent_prefix_path/interfaces
-- Up-to-date symlink: /home/carbon/Documents/interfases_hw1/install/interfaces/share/interfaces/environment/ament_prefix_path.sh
-- Up-to-date symlink: /home/carbon/Documents/interfases_hw1/install/interfaces/share/interfaces/environment/ament_prefix_path.dsv
-- Up-to-date symlink: /home/carbon/Documents/interfases_hw1/install/interfaces/share/interfaces/environment/path.sh
-- Up-to-date symlink: /home/carbon/Documents/interfases_hw1/install/interfaces/share/interfaces/environment/path.dsv
-- Up-to-date symlink: /home/carbon/Documents/interfases_hw1/install/interfaces/share/interfaces/local_setup.bash
-- Up-to-date symlink: /home/carbon/Documents/interfases_hw1/install/interfaces/share/interfaces/local_setup.sh
-- Up-to-date symlink: /home/carbon/Documents/interfases_hw1/install/interfaces/share/interfaces/local_setup.zsh
-- Up-to-date symlink: /home/carbon/Documents/interfases_hw1/install/interfaces/share/interfaces/local_setup.dsv
-- Symlinking: /home/carbon/Documents/interfases_hw1/install/interfaces/share/interfaces/package.dsv
-- Up-to-date symlink: /home/carbon/Documents/interfases_hw1/install/interfaces/share/ament_index/resource_index/packages/interfaces
-- Up-to-date symlink: /home/carbon/Documents/interfases_hw1/install/interfaces/share/interfaces/cmake/interfacesConfig.cmake
-- Up-to-date symlink: /home/carbon/Documents/interfases_hw1/install/interfaces/share/interfaces/cmake/interfacesConfig-version.cmake
-- Up-to-date symlink: /home/carbon/Documents/interfases_hw1/install/interfaces/share/interfaces/package.xml
Compiling '/home/carbon/Documents/interfases_hw1/install/interfaces/lib/python3.8/site-packages/detector.py'...
