[0.014s] Invoking command in '/home/carbon/Documents/interfases_hw1/build/interfaces': CMAKE_PREFIX_PATH=${CMAKE_PREFIX_PATH}:/opt/ros/foxy /usr/bin/cmake --build /home/carbon/Documents/interfases_hw1/build/interfaces -- -j8 -l8
[0.045s] Invoked command in '/home/carbon/Documents/interfases_hw1/build/interfaces' returned '0': CMAKE_PREFIX_PATH=${CMAKE_PREFIX_PATH}:/opt/ros/foxy /usr/bin/cmake --build /home/carbon/Documents/interfases_hw1/build/interfaces -- -j8 -l8
[0.071s] Invoking command in '/home/carbon/Documents/interfases_hw1/build/interfaces': CMAKE_PREFIX_PATH=${CMAKE_PREFIX_PATH}:/opt/ros/foxy /usr/bin/cmake --install /home/carbon/Documents/interfases_hw1/build/interfaces
[0.082s] -- Install configuration: ""
[0.082s] -- Execute custom install script
[0.082s] -- Up-to-date symlink: /home/carbon/Documents/interfases_hw1/install/interfaces/share/interfaces/environment/pythonpath.sh
[0.082s] -- Up-to-date symlink: /home/carbon/Documents/interfases_hw1/install/interfaces/share/interfaces/environment/pythonpath.dsv
[0.083s] -- Up-to-date symlink: /home/carbon/Documents/interfases_hw1/install/interfaces/lib/python3.8/site-packages/detector.py
[0.083s] -- Up-to-date symlink: /home/carbon/Documents/interfases_hw1/install/interfaces/lib//detector.py
[0.083s] -- Up-to-date symlink: /home/carbon/Documents/interfases_hw1/install/interfaces/share/ament_index/resource_index/package_run_dependencies/interfaces
[0.083s] -- Up-to-date symlink: /home/carbon/Documents/interfases_hw1/install/interfaces/share/ament_index/resource_index/parent_prefix_path/interfaces
[0.083s] -- Up-to-date symlink: /home/carbon/Documents/interfases_hw1/install/interfaces/share/interfaces/environment/ament_prefix_path.sh
[0.083s] -- Up-to-date symlink: /home/carbon/Documents/interfases_hw1/install/interfaces/share/interfaces/environment/ament_prefix_path.dsv
[0.084s] -- Up-to-date symlink: /home/carbon/Documents/interfases_hw1/install/interfaces/share/interfaces/environment/path.sh
[0.084s] -- Up-to-date symlink: /home/carbon/Documents/interfases_hw1/install/interfaces/share/interfaces/environment/path.dsv
[0.084s] -- Up-to-date symlink: /home/carbon/Documents/interfases_hw1/install/interfaces/share/interfaces/local_setup.bash
[0.084s] -- Up-to-date symlink: /home/carbon/Documents/interfases_hw1/install/interfaces/share/interfaces/local_setup.sh
[0.084s] -- Up-to-date symlink: /home/carbon/Documents/interfases_hw1/install/interfaces/share/interfaces/local_setup.zsh
[0.084s] -- Up-to-date symlink: /home/carbon/Documents/interfases_hw1/install/interfaces/share/interfaces/local_setup.dsv
[0.084s] -- Symlinking: /home/carbon/Documents/interfases_hw1/install/interfaces/share/interfaces/package.dsv
[0.092s] -- Up-to-date symlink: /home/carbon/Documents/interfases_hw1/install/interfaces/share/ament_index/resource_index/packages/interfaces
[0.092s] -- Up-to-date symlink: /home/carbon/Documents/interfases_hw1/install/interfaces/share/interfaces/cmake/interfacesConfig.cmake
[0.092s] -- Up-to-date symlink: /home/carbon/Documents/interfases_hw1/install/interfaces/share/interfaces/cmake/interfacesConfig-version.cmake
[0.092s] -- Up-to-date symlink: /home/carbon/Documents/interfases_hw1/install/interfaces/share/interfaces/package.xml
[0.119s] Compiling '/home/carbon/Documents/interfases_hw1/install/interfaces/lib/python3.8/site-packages/detector.py'...
[0.126s] Invoked command in '/home/carbon/Documents/interfases_hw1/build/interfaces' returned '0': CMAKE_PREFIX_PATH=${CMAKE_PREFIX_PATH}:/opt/ros/foxy /usr/bin/cmake --install /home/carbon/Documents/interfases_hw1/build/interfaces
